W0821 19:27:19.191270  2202 device_context.cc:404] Please NOTE: device: 0, GPU Compute Capability: 7.0, Driver API Version: 10.1, Runtime API Version: 10.1
W0821 19:27:19.195627  2202 device_context.cc:422] device: 0, cuDNN Version: 7.6.
/opt/conda/envs/python35-paddle120-env/lib/python3.7/site-packages/paddle/fluid/dygraph/parallel.py:515: UserWarning: The program will return to single-card operation. Please check 1, whether you use spawn or fleetrun to start the program. 2, Whether it is a multi-card program. 3, Is the current environment multi-card.
  warnings.warn("The program will return to single-card operation. "
/home/aistudio/work/utils.py:184: YAMLLoadWarning: calling yaml.load() without Loader=... is deprecated, as the default Loader is unsafe. Please read https://msg.pyyaml.org/load for full details.
  parser = edict(yaml.load(f))
workers: 0
weight_decay: 0.0005
momentum: 0.9
display: 20
max_iter: 53100
batch_size: 64
test_interval: 500
topk: 3
base_lr: 2e-05
start_iters: 0
best_model: 12345678.9
lr_policy: step
gamma: 0.333
step_size: 5000
/opt/conda/envs/python35-paddle120-env/lib/python3.7/site-packages/paddle/tensor/creation.py:125: DeprecationWarning: `np.object` is a deprecated alias for the builtin `object`. To silence this warning, use `object` by itself. Doing this will not modify any behavior and is safe. 
Deprecated in NumPy 1.20; for more details and guidance: https://numpy.org/devdocs/release/1.20.0-notes.html#deprecations
  if data.dtype == np.object:
Train Iteration: 20	Time 147.324s / 20iters, (7.366)	Data load 96.503s / 20iters, (4.825161)
Learning rate = 2e-05
Loss = 774.51458740 (ave = 884.96725464)

Loss1.0_1 = 94.37658691 (ave = 106.40914917)	Loss1.0_2 = 35.32719421 (ave = 41.69382744)
Loss2.0_1 = 94.52548981 (ave = 106.55723381)	Loss2.0_2 = 36.30364609 (ave = 41.93245449)
Loss3.0_1 = 94.50724792 (ave = 106.54779854)	Loss3.0_2 = 34.72702789 (ave = 41.06169205)
Loss4.0_1 = 94.51425934 (ave = 106.55148888)	Loss4.0_2 = 34.34370422 (ave = 41.04317627)
Loss5.0_1 = 94.50565338 (ave = 106.54760704)	Loss5.0_2 = 33.38540649 (ave = 39.66208878)
Loss6.0_1 = 94.50981903 (ave = 106.54812622)	Loss6.0_2 = 33.48855209 (ave = 40.41262627)
2021-08-21 19:29:56 -----------------------------------------------------------------------------------------------------------------

Train Iteration: 40	Time 145.503s / 20iters, (7.275)	Data load 92.569s / 20iters, (4.628448)
Learning rate = 2e-05
Loss = 752.46875000 (ave = 858.48861389)

Loss1.0_1 = 91.34033966 (ave = 104.91042747)	Loss1.0_2 = 35.75096893 (ave = 39.55291100)
Loss2.0_1 = 91.67066956 (ave = 105.18167305)	Loss2.0_2 = 37.87206650 (ave = 41.20691509)
Loss3.0_1 = 91.67082977 (ave = 105.18126450)	Loss3.0_2 = 33.77236176 (ave = 38.18205681)
Loss4.0_1 = 91.66972351 (ave = 105.18686371)	Loss4.0_2 = 32.48461914 (ave = 36.66633863)
Loss5.0_1 = 91.66785431 (ave = 105.18001442)	Loss5.0_2 = 31.82231903 (ave = 36.43767014)
Loss6.0_1 = 91.66709137 (ave = 105.17956696)	Loss6.0_2 = 31.07991791 (ave = 35.62292261)
2021-08-21 19:32:22 -----------------------------------------------------------------------------------------------------------------

Train Iteration: 60	Time 148.603s / 20iters, (7.430)	Data load 99.518s / 20iters, (4.975921)
Learning rate = 2e-05
Loss = 893.07641602 (ave = 885.89793091)

Loss1.0_1 = 113.54915619 (ave = 110.35938759)	Loss1.0_2 = 34.83986664 (ave = 38.03265886)
Loss2.0_1 = 114.06871796 (ave = 110.88046608)	Loss2.0_2 = 41.52907181 (ave = 42.67497025)
Loss3.0_1 = 114.06962585 (ave = 110.87935905)	Loss3.0_2 = 35.17652130 (ave = 37.12360334)
Loss4.0_1 = 114.06670380 (ave = 110.88218231)	Loss4.0_2 = 32.65097046 (ave = 34.56698236)
Loss5.0_1 = 114.06601715 (ave = 110.87947273)	Loss5.0_2 = 32.91183853 (ave = 34.76107492)
Loss6.0_1 = 114.06536865 (ave = 110.87843018)	Loss6.0_2 = 32.08244324 (ave = 33.97933779)
2021-08-21 19:34:50 -----------------------------------------------------------------------------------------------------------------

Train Iteration: 80	Time 146.550s / 20iters, (7.328)	Data load 91.501s / 20iters, (4.575055)
Learning rate = 2e-05
Loss = 929.32080078 (ave = 847.94085693)

Loss1.0_1 = 116.32973480 (ave = 106.28121338)	Loss1.0_2 = 35.82710266 (ave = 33.54277515)
Loss2.0_1 = 117.99308014 (ave = 107.16843910)	Loss2.0_2 = 46.69152069 (ave = 42.19463978)
Loss3.0_1 = 117.98499298 (ave = 107.16839752)	Loss3.0_2 = 37.13893890 (ave = 34.54556398)
Loss4.0_1 = 117.99347687 (ave = 107.17023849)	Loss4.0_2 = 34.54744720 (ave = 31.89790068)
Loss5.0_1 = 117.98999023 (ave = 107.16911545)	Loss5.0_2 = 35.01036453 (ave = 32.30109396)
Loss6.0_1 = 117.98989105 (ave = 107.16806297)	Loss6.0_2 = 33.82430267 (ave = 31.33342123)
2021-08-21 19:37:17 -----------------------------------------------------------------------------------------------------------------

Train Iteration: 100	Time 143.463s / 20iters, (7.173)	Data load 90.807s / 20iters, (4.540341)
Learning rate = 2e-05
Loss = 743.85675049 (ave = 832.71315308)

Loss1.0_1 = 94.80811310 (ave = 104.51946144)	Loss1.0_2 = 27.37109566 (ave = 31.93109379)
Loss2.0_1 = 95.94219971 (ave = 105.93630028)	Loss2.0_2 = 35.88197327 (ave = 41.43021374)
Loss3.0_1 = 95.93974304 (ave = 105.93519363)	Loss3.0_2 = 28.13364220 (ave = 32.87519884)
Loss4.0_1 = 95.94042206 (ave = 105.93599205)	Loss4.0_2 = 26.16214561 (ave = 30.95392580)
Loss5.0_1 = 95.94364929 (ave = 105.93617973)	Loss5.0_2 = 26.21247864 (ave = 31.04389734)
Loss6.0_1 = 95.94194794 (ave = 105.93539848)	Loss6.0_2 = 25.57933617 (ave = 30.28029137)
2021-08-21 19:39:40 -----------------------------------------------------------------------------------------------------------------

Train Iteration: 120	Time 149.653s / 20iters, (7.483)	Data load 98.479s / 20iters, (4.923937)
Learning rate = 2e-05
Loss = 786.25866699 (ave = 854.91482239)

Loss1.0_1 = 99.99839020 (ave = 107.58423004)	Loss1.0_2 = 27.94604683 (ave = 31.64460287)
Loss2.0_1 = 102.13534546 (ave = 109.75930099)	Loss2.0_2 = 37.82217789 (ave = 41.89654751)
Loss3.0_1 = 102.13455963 (ave = 109.75904961)	Loss3.0_2 = 28.52734566 (ave = 32.53030987)
Loss4.0_1 = 102.13700104 (ave = 109.76023979)	Loss4.0_2 = 27.26158142 (ave = 30.99187765)
Loss5.0_1 = 102.13477325 (ave = 109.76001396)	Loss5.0_2 = 27.48738289 (ave = 31.20215740)
Loss6.0_1 = 102.13368988 (ave = 109.75890884)	Loss6.0_2 = 26.54044914 (ave = 30.26759024)
2021-08-21 19:42:10 -----------------------------------------------------------------------------------------------------------------

Train Iteration: 140	Time 144.747s / 20iters, (7.237)	Data load 93.814s / 20iters, (4.690719)
Learning rate = 2e-05
Loss = 856.25433350 (ave = 829.21424255)

Loss1.0_1 = 107.39468384 (ave = 103.82955017)	Loss1.0_2 = 31.20696068 (ave = 30.62882042)
Loss2.0_1 = 110.07283783 (ave = 106.42355270)	Loss2.0_2 = 42.94823456 (ave = 41.51315727)
Loss3.0_1 = 110.07153320 (ave = 106.42377892)	Loss3.0_2 = 32.13489151 (ave = 31.44329700)
Loss4.0_1 = 110.07575226 (ave = 106.42513046)	Loss4.0_2 = 30.92750168 (ave = 30.09736443)
Loss5.0_1 = 110.07398987 (ave = 106.42493134)	Loss5.0_2 = 31.13798714 (ave = 30.29167109)
Loss6.0_1 = 110.07308197 (ave = 106.42358704)	Loss6.0_2 = 30.13692093 (ave = 29.28941374)
2021-08-21 19:44:35 -----------------------------------------------------------------------------------------------------------------

Train Iteration: 160	Time 144.304s / 20iters, (7.215)	Data load 94.380s / 20iters, (4.719020)
Learning rate = 2e-05
Loss = 793.37561035 (ave = 802.86602783)

Loss1.0_1 = 98.23594666 (ave = 100.19315300)	Loss1.0_2 = 29.26778984 (ave = 29.48433867)
Loss2.0_1 = 101.76509857 (ave = 103.27947960)	Loss2.0_2 = 40.88870239 (ave = 40.55853615)
Loss3.0_1 = 101.76524353 (ave = 103.27909203)	Loss3.0_2 = 29.76766777 (ave = 29.92498140)
Loss4.0_1 = 101.76668549 (ave = 103.28110199)	Loss4.0_2 = 29.17731476 (ave = 29.04013195)
Loss5.0_1 = 101.76631165 (ave = 103.28088531)	Loss5.0_2 = 29.20901299 (ave = 29.17107410)
Loss6.0_1 = 101.76548767 (ave = 103.27958145)	Loss6.0_2 = 28.00037575 (ave = 28.09366894)
2021-08-21 19:46:59 -----------------------------------------------------------------------------------------------------------------

Train Iteration: 180	Time 143.474s / 20iters, (7.174)	Data load 96.135s / 20iters, (4.806742)
Learning rate = 2e-05
Loss = 745.88903809 (ave = 820.01637268)

Loss1.0_1 = 94.16310883 (ave = 102.28640556)	Loss1.0_2 = 26.41723442 (ave = 29.87548618)
Loss2.0_1 = 96.86100006 (ave = 105.58161392)	Loss2.0_2 = 37.37828064 (ave = 41.47556629)
Loss3.0_1 = 96.86241913 (ave = 105.58187408)	Loss3.0_2 = 26.62158203 (ave = 30.41184444)
Loss4.0_1 = 96.86175537 (ave = 105.58223991)	Loss4.0_2 = 26.10803795 (ave = 29.61703320)
Loss5.0_1 = 96.86328888 (ave = 105.58259583)	Loss5.0_2 = 26.05194473 (ave = 29.85802422)
Loss6.0_1 = 96.86185455 (ave = 105.58178711)	Loss6.0_2 = 24.83851624 (ave = 28.58190279)
2021-08-21 19:49:22 -----------------------------------------------------------------------------------------------------------------

Train Iteration: 200	Time 147.365s / 20iters, (7.368)	Data load 92.717s / 20iters, (4.635856)
Learning rate = 2e-05
Loss = 904.41546631 (ave = 836.66472473)

Loss1.0_1 = 112.32272339 (ave = 104.12709923)	Loss1.0_2 = 33.57341385 (ave = 30.29834881)
Loss2.0_1 = 116.06959534 (ave = 107.94036446)	Loss2.0_2 = 44.88032150 (ave = 42.32808590)
Loss3.0_1 = 116.06932831 (ave = 107.94008560)	Loss3.0_2 = 34.11972809 (ave = 30.75962572)
Loss4.0_1 = 116.07146454 (ave = 107.94083557)	Loss4.0_2 = 33.41989136 (ave = 30.19948626)
Loss5.0_1 = 116.06966400 (ave = 107.94085770)	Loss5.0_2 = 33.51624298 (ave = 30.27612467)
Loss6.0_1 = 116.06941223 (ave = 107.94029236)	Loss6.0_2 = 32.23368073 (ave = 28.97351122)
2021-08-21 19:51:50 -----------------------------------------------------------------------------------------------------------------

Train Iteration: 220	Time 148.693s / 20iters, (7.435)	Data load 97.934s / 20iters, (4.896708)
Learning rate = 2e-05
Loss = 724.76025391 (ave = 845.47168274)

Loss1.0_1 = 88.45610046 (ave = 105.30904999)	Loss1.0_2 = 28.18350220 (ave = 30.65995359)
Loss2.0_1 = 91.67768860 (ave = 109.02931519)	Loss2.0_2 = 39.19216919 (ave = 42.93426781)
Loss3.0_1 = 91.67670441 (ave = 109.02922096)	Loss3.0_2 = 28.05536079 (ave = 31.01493750)
Loss4.0_1 = 91.67847443 (ave = 109.02957077)	Loss4.0_2 = 27.58310699 (ave = 30.52127962)
Loss5.0_1 = 91.67716980 (ave = 109.02954826)	Loss5.0_2 = 28.01181221 (ave = 30.59594584)
Loss6.0_1 = 91.67671204 (ave = 109.02911758)	Loss6.0_2 = 26.89145088 (ave = 29.28948307)
2021-08-21 19:54:19 -----------------------------------------------------------------------------------------------------------------

Train Iteration: 240	Time 139.643s / 20iters, (6.982)	Data load 91.079s / 20iters, (4.553946)
Learning rate = 2e-05
Loss = 507.17092896 (ave = 649.02011421)

Loss1.0_1 = 45.82048798 (ave = 72.90405256)	Loss1.0_2 = 38.43394852 (ave = 33.00324473)
Loss2.0_1 = 45.79090881 (ave = 74.62517902)	Loss2.0_2 = 38.56131744 (ave = 38.16504612)
Loss3.0_1 = 45.79934692 (ave = 74.62548052)	Loss3.0_2 = 39.05109406 (ave = 33.23927691)
Loss4.0_1 = 45.81358719 (ave = 74.62820534)	Loss4.0_2 = 39.62953949 (ave = 33.22241273)
Loss5.0_1 = 45.78492355 (ave = 74.62673884)	Loss5.0_2 = 38.11365509 (ave = 32.92885205)
Loss6.0_1 = 45.78610229 (ave = 74.62423410)	Loss6.0_2 = 38.58603668 (ave = 32.42738980)
2021-08-21 19:56:38 -----------------------------------------------------------------------------------------------------------------

Train Iteration: 260	Time 140.980s / 20iters, (7.049)	Data load 90.057s / 20iters, (4.502869)
Learning rate = 2e-05
Loss = 368.83273315 (ave = 425.86267853)

Loss1.0_1 = 34.32297134 (ave = 38.25648136)	Loss1.0_2 = 27.09493637 (ave = 32.56910696)
Loss2.0_1 = 34.32866287 (ave = 38.25535669)	Loss2.0_2 = 27.46896172 (ave = 32.85064268)
Loss3.0_1 = 34.32967377 (ave = 38.25973969)	Loss3.0_2 = 26.92592621 (ave = 32.64646225)
Loss4.0_1 = 34.32895279 (ave = 38.26415882)	Loss4.0_2 = 27.54164505 (ave = 33.35856237)
Loss5.0_1 = 34.32846451 (ave = 38.25439930)	Loss5.0_2 = 26.55198860 (ave = 32.11451454)
Loss6.0_1 = 34.32768631 (ave = 38.25323534)	Loss6.0_2 = 27.28282356 (ave = 32.78001776)
2021-08-21 19:58:59 -----------------------------------------------------------------------------------------------------------------

Train Iteration: 280	Time 143.668s / 20iters, (7.183)	Data load 90.383s / 20iters, (4.519136)
Learning rate = 2e-05
Loss = 397.58740234 (ave = 429.32221375)

Loss1.0_1 = 36.48936081 (ave = 38.63242245)	Loss1.0_2 = 29.96130180 (ave = 32.91806736)
Loss2.0_1 = 36.49616241 (ave = 38.63905792)	Loss2.0_2 = 30.55833244 (ave = 33.54302530)
Loss3.0_1 = 36.49542236 (ave = 38.63873596)	Loss3.0_2 = 29.36928749 (ave = 32.59922285)
Loss4.0_1 = 36.49615860 (ave = 38.63872375)	Loss4.0_2 = 30.38277626 (ave = 33.46156616)
Loss5.0_1 = 36.49657440 (ave = 38.63997784)	Loss5.0_2 = 28.72579575 (ave = 31.98272467)
Loss6.0_1 = 36.49554062 (ave = 38.63838463)	Loss6.0_2 = 29.62067795 (ave = 32.99030275)
2021-08-21 20:01:23 -----------------------------------------------------------------------------------------------------------------

Train Iteration: 300	Time 144.836s / 20iters, (7.242)	Data load 99.515s / 20iters, (4.975755)
Learning rate = 2e-05
Loss = 457.06048584 (ave = 442.74226685)

Loss1.0_1 = 41.20095062 (ave = 40.32997761)	Loss1.0_2 = 35.54057693 (ave = 33.73695869)
Loss2.0_1 = 41.21115494 (ave = 40.34306316)	Loss2.0_2 = 36.51166534 (ave = 34.61835775)
Loss3.0_1 = 41.21036530 (ave = 40.34281292)	Loss3.0_2 = 34.30329895 (ave = 32.92277203)
Loss4.0_1 = 41.21065903 (ave = 40.34306564)	Loss4.0_2 = 36.07616425 (ave = 34.29026451)
Loss5.0_1 = 41.21094131 (ave = 40.34391575)	Loss5.0_2 = 33.43420792 (ave = 32.18917494)
Loss6.0_1 = 41.20998764 (ave = 40.34268303)	Loss6.0_2 = 33.94051361 (ave = 32.93922567)
2021-08-21 20:03:48 -----------------------------------------------------------------------------------------------------------------

Train Iteration: 320	Time 145.837s / 20iters, (7.292)	Data load 101.165s / 20iters, (5.058264)
Learning rate = 2e-05
Loss = 406.39947510 (ave = 434.95350800)

Loss1.0_1 = 37.86247253 (ave = 39.96588249)	Loss1.0_2 = 30.68271637 (ave = 33.10798960)
Loss2.0_1 = 37.87251663 (ave = 39.97930927)	Loss2.0_2 = 31.81547356 (ave = 34.33334150)
Loss3.0_1 = 37.87317276 (ave = 39.97953539)	Loss3.0_2 = 29.70098686 (ave = 31.97410593)
Loss4.0_1 = 37.87254715 (ave = 39.97961149)	Loss4.0_2 = 30.56078720 (ave = 33.58744268)
Loss5.0_1 = 37.87271881 (ave = 39.97976551)	Loss5.0_2 = 28.27971840 (ave = 30.90865259)
Loss6.0_1 = 37.87195587 (ave = 39.97879877)	Loss6.0_2 = 28.13444519 (ave = 31.17908010)
2021-08-21 20:06:14 -----------------------------------------------------------------------------------------------------------------

Train Iteration: 340	Time 146.896s / 20iters, (7.345)	Data load 96.059s / 20iters, (4.802956)
Learning rate = 2e-05
Loss = 469.16314697 (ave = 444.62974396)

Loss1.0_1 = 42.49127579 (ave = 41.24182167)	Loss1.0_2 = 36.42890549 (ave = 33.53070459)
Loss2.0_1 = 42.44194031 (ave = 41.25374584)	Loss2.0_2 = 39.02137375 (ave = 35.44672794)
Loss3.0_1 = 42.44208145 (ave = 41.25354061)	Loss3.0_2 = 34.77381516 (ave = 32.18126297)
Loss4.0_1 = 42.44804764 (ave = 41.25536251)	Loss4.0_2 = 36.80221176 (ave = 33.45124998)
Loss5.0_1 = 42.44416428 (ave = 41.25413837)	Loss5.0_2 = 32.76063538 (ave = 30.68315601)
Loss6.0_1 = 42.44123459 (ave = 41.25296326)	Loss6.0_2 = 34.66747665 (ave = 31.82506638)
2021-08-21 20:08:40 -----------------------------------------------------------------------------------------------------------------

Train Iteration: 360	Time 141.959s / 20iters, (7.098)	Data load 87.568s / 20iters, (4.378386)
Learning rate = 2e-05
Loss = 429.47183228 (ave = 416.16145935)

Loss1.0_1 = 39.28418732 (ave = 39.35795155)	Loss1.0_2 = 33.79557800 (ave = 31.28360748)
Loss2.0_1 = 39.31563568 (ave = 39.37419586)	Loss2.0_2 = 37.95346451 (ave = 34.04496193)
Loss3.0_1 = 39.31488037 (ave = 39.37470551)	Loss3.0_2 = 31.63023949 (ave = 29.93526373)
Loss4.0_1 = 39.31922531 (ave = 39.38138466)	Loss4.0_2 = 33.57424927 (ave = 30.76157131)
Loss5.0_1 = 39.31473923 (ave = 39.37539806)	Loss5.0_2 = 27.39213753 (ave = 26.06352110)
Loss6.0_1 = 39.31355286 (ave = 39.37374554)	Loss6.0_2 = 29.26394463 (ave = 27.83514919)
2021-08-21 20:11:02 -----------------------------------------------------------------------------------------------------------------

Train Iteration: 380	Time 142.888s / 20iters, (7.144)	Data load 89.921s / 20iters, (4.496043)
Learning rate = 2e-05
Loss = 430.75177002 (ave = 411.32694092)

Loss1.0_1 = 40.04415894 (ave = 39.39107666)	Loss1.0_2 = 35.20383835 (ave = 31.20415392)
Loss2.0_1 = 40.08356094 (ave = 39.41560202)	Loss2.0_2 = 38.74359894 (ave = 34.32386122)
Loss3.0_1 = 40.08361816 (ave = 39.41689959)	Loss3.0_2 = 30.62403297 (ave = 29.18572521)
Loss4.0_1 = 40.08649445 (ave = 39.41970100)	Loss4.0_2 = 30.56966400 (ave = 28.87157516)
Loss5.0_1 = 40.08261871 (ave = 39.41532316)	Loss5.0_2 = 26.72763062 (ave = 24.93075237)
Loss6.0_1 = 40.08213425 (ave = 39.41464558)	Loss6.0_2 = 28.42040062 (ave = 26.33762064)
2021-08-21 20:13:25 -----------------------------------------------------------------------------------------------------------------

Train Iteration: 400	Time 142.726s / 20iters, (7.136)	Data load 94.214s / 20iters, (4.710696)
Learning rate = 2e-05
Loss = 422.17660522 (ave = 406.66179199)

Loss1.0_1 = 41.32273102 (ave = 40.03583508)	Loss1.0_2 = 31.93162346 (ave = 30.54682131)
Loss2.0_1 = 41.36435699 (ave = 40.06530037)	Loss2.0_2 = 36.86260605 (ave = 34.09502192)
Loss3.0_1 = 41.36628342 (ave = 40.06547241)	Loss3.0_2 = 27.78855133 (ave = 26.98418550)
Loss4.0_1 = 41.36569977 (ave = 40.06753426)	Loss4.0_2 = 25.97360039 (ave = 25.83569527)
Loss5.0_1 = 41.36258316 (ave = 40.06383476)	Loss5.0_2 = 24.85326958 (ave = 23.88790236)
Loss6.0_1 = 41.36273193 (ave = 40.06335697)	Loss6.0_2 = 26.62254715 (ave = 24.95083284)
2021-08-21 20:15:48 -----------------------------------------------------------------------------------------------------------------

Train Iteration: 420	Time 143.203s / 20iters, (7.160)	Data load 95.969s / 20iters, (4.798437)
Learning rate = 2e-05
Loss = 392.24987793 (ave = 409.41338043)

Loss1.0_1 = 38.57189178 (ave = 40.34817905)	Loss1.0_2 = 29.15937042 (ave = 30.94347868)
Loss2.0_1 = 38.61844254 (ave = 40.37373199)	Loss2.0_2 = 32.77542877 (ave = 34.53846722)
Loss3.0_1 = 38.61553955 (ave = 40.37277546)	Loss3.0_2 = 25.38117218 (ave = 27.22320356)
Loss4.0_1 = 38.61329651 (ave = 40.37159405)	Loss4.0_2 = 25.03641891 (ave = 25.78314342)
Loss5.0_1 = 38.60778809 (ave = 40.36772690)	Loss5.0_2 = 23.83552170 (ave = 23.94853983)
Loss6.0_1 = 38.60796356 (ave = 40.36713924)	Loss6.0_2 = 24.42706299 (ave = 24.77539911)
2021-08-21 20:18:11 -----------------------------------------------------------------------------------------------------------------

Train Iteration: 440	Time 143.221s / 20iters, (7.161)	Data load 97.145s / 20iters, (4.857247)
Learning rate = 2e-05
Loss = 368.41650391 (ave = 386.45584717)

Loss1.0_1 = 37.75118256 (ave = 38.27869015)	Loss1.0_2 = 26.68717194 (ave = 29.67922859)
Loss2.0_1 = 37.78311920 (ave = 38.31580172)	Loss2.0_2 = 30.24921417 (ave = 34.07836475)
Loss3.0_1 = 37.77810287 (ave = 38.31431551)	Loss3.0_2 = 22.45327568 (ave = 24.74256363)
Loss4.0_1 = 37.77701569 (ave = 38.31310520)	Loss4.0_2 = 20.72454071 (ave = 23.27839508)
Loss5.0_1 = 37.77613068 (ave = 38.30943785)	Loss5.0_2 = 20.83068275 (ave = 22.18973541)
Loss6.0_1 = 37.77608490 (ave = 38.30894842)	Loss6.0_2 = 20.82994843 (ave = 22.64725533)
2021-08-21 20:20:34 -----------------------------------------------------------------------------------------------------------------

Train Iteration: 460	Time 136.725s / 20iters, (6.836)	Data load 92.058s / 20iters, (4.602924)
Learning rate = 2e-05
Loss = 348.19879150 (ave = 394.40016831)

Loss1.0_1 = 35.73528290 (ave = 39.65512832)	Loss1.0_2 = 26.14114952 (ave = 29.40588732)
Loss2.0_1 = 35.75289917 (ave = 39.69430503)	Loss2.0_2 = 29.80552292 (ave = 33.68914410)
Loss3.0_1 = 35.74911880 (ave = 39.69267838)	Loss3.0_2 = 21.58860779 (ave = 24.44511064)
Loss4.0_1 = 35.74593353 (ave = 39.69555662)	Loss4.0_2 = 19.76688194 (ave = 22.97821570)
Loss5.0_1 = 35.74805832 (ave = 39.69131819)	Loss5.0_2 = 17.86349106 (ave = 22.43504909)
Loss6.0_1 = 35.74679947 (ave = 39.69055156)	Loss6.0_2 = 18.55504990 (ave = 23.32722541)
2021-08-21 20:22:51 -----------------------------------------------------------------------------------------------------------------

Train Iteration: 480	Time 142.415s / 20iters, (7.121)	Data load 89.731s / 20iters, (4.486567)
Learning rate = 2e-05
Loss = 344.91479492 (ave = 289.75560532)

Loss1.0_1 = 30.73156166 (ave = 25.58476858)	Loss1.0_2 = 31.66965866 (ave = 26.88774252)
Loss2.0_1 = 30.75936890 (ave = 25.61535921)	Loss2.0_2 = 35.75130081 (ave = 30.98741131)
Loss3.0_1 = 30.75289154 (ave = 25.61111650)	Loss3.0_2 = 24.84322357 (ave = 20.87957058)
Loss4.0_1 = 30.75437164 (ave = 25.60819511)	Loss4.0_2 = 22.80308342 (ave = 19.50572190)
Loss5.0_1 = 30.75241280 (ave = 25.60541315)	Loss5.0_2 = 22.61497688 (ave = 18.76500955)
Loss6.0_1 = 30.75166702 (ave = 25.60453596)	Loss6.0_2 = 22.73023605 (ave = 19.10076718)
2021-08-21 20:25:14 -----------------------------------------------------------------------------------------------------------------

Train Iteration: 500	Time 142.192s / 20iters, (7.110)	Data load 89.409s / 20iters, (4.470468)
Learning rate = 2e-05
Loss = 308.78656006 (ave = 283.08166580)

Loss1.0_1 = 26.31287193 (ave = 24.87035294)	Loss1.0_2 = 29.74263382 (ave = 26.46716013)
Loss2.0_1 = 26.36002731 (ave = 24.90511789)	Loss2.0_2 = 34.11526489 (ave = 30.58973942)
Loss3.0_1 = 26.35281563 (ave = 24.89894533)	Loss3.0_2 = 22.94573021 (ave = 20.58263407)
Loss4.0_1 = 26.35476685 (ave = 24.89720583)	Loss4.0_2 = 21.36668777 (ave = 18.96282153)
Loss5.0_1 = 26.35271835 (ave = 24.89537144)	Loss5.0_2 = 21.45631409 (ave = 18.56858497)
Loss6.0_1 = 26.35156059 (ave = 24.89507103)	Loss6.0_2 = 21.07518196 (ave = 18.54866347)
2021-08-21 20:27:36 -----------------------------------------------------------------------------------------------------------------

Test Time 1074.509s, (1074.509)	Loss 1991.87011491

Loss1.0_1 = 328.05694580 (ave = 280.92584763)	Loss1.0_2 = 65.26547241 (ave = 51.54623360)
Loss2.0_1 = 328.33187866 (ave = 281.13030859)	Loss2.0_2 = 65.05184937 (ave = 50.73292333)
Loss3.0_1 = 328.32678223 (ave = 281.13313373)	Loss3.0_2 = 64.85145569 (ave = 50.68768106)
Loss4.0_1 = 328.28173828 (ave = 281.09008246)	Loss4.0_2 = 64.75082397 (ave = 50.64576022)
Loss5.0_1 = 328.33078003 (ave = 281.13061362)	Loss5.0_2 = 65.04722595 (ave = 50.74477282)
Loss6.0_1 = 328.30926514 (ave = 281.11294176)	Loss6.0_2 = 64.91513824 (ave = 50.98982084)
2021-08-21 20:45:31 -----------------------------------------------------------------------------------------------------------------

Train Iteration: 520	Time 124.598s / 20iters, (6.230)	Data load 73.460s / 20iters, (3.673003)
Learning rate = 2e-05
Loss = 306.35592651 (ave = 289.74265518)

Loss1.0_1 = 25.87820625 (ave = 25.77503920)	Loss1.0_2 = 30.26653481 (ave = 26.64565573)
Loss2.0_1 = 25.92515182 (ave = 25.80457840)	Loss2.0_2 = 35.70364380 (ave = 31.15518694)
Loss3.0_1 = 25.92755508 (ave = 25.80096302)	Loss3.0_2 = 22.46200562 (ave = 20.70468740)
Loss4.0_1 = 25.92885780 (ave = 25.80057888)	Loss4.0_2 = 21.04226875 (ave = 19.16248026)
Loss5.0_1 = 25.91885376 (ave = 25.79765606)	Loss5.0_2 = 20.73812675 (ave = 18.67216797)
Loss6.0_1 = 25.91877747 (ave = 25.79695063)	Loss6.0_2 = 20.64596367 (ave = 18.62671113)
2021-08-21 20:47:35 -----------------------------------------------------------------------------------------------------------------

Train Iteration: 540	Time 143.312s / 20iters, (7.166)	Data load 92.092s / 20iters, (4.604589)
Learning rate = 2e-05
Loss = 308.65670776 (ave = 292.91992340)

Loss1.0_1 = 27.67063141 (ave = 26.10073538)	Loss1.0_2 = 28.22006607 (ave = 27.00184717)
Loss2.0_1 = 27.71859550 (ave = 26.13257065)	Loss2.0_2 = 33.57291794 (ave = 31.33909369)
Loss3.0_1 = 27.72263908 (ave = 26.13678684)	Loss3.0_2 = 21.49597740 (ave = 20.57864122)
Loss4.0_1 = 27.71703148 (ave = 26.13144598)	Loss4.0_2 = 20.14595985 (ave = 19.52104955)
Loss5.0_1 = 27.71590805 (ave = 26.12760000)	Loss5.0_2 = 19.38901329 (ave = 18.80086117)
Loss6.0_1 = 27.71544647 (ave = 26.12694912)	Loss6.0_2 = 19.57251930 (ave = 18.92233696)
2021-08-21 20:49:58 -----------------------------------------------------------------------------------------------------------------

Train Iteration: 560	Time 144.281s / 20iters, (7.214)	Data load 91.228s / 20iters, (4.561395)
Learning rate = 2e-05
Loss = 293.36743164 (ave = 286.09562683)

Loss1.0_1 = 24.71847725 (ave = 25.45147591)	Loss1.0_2 = 29.34578133 (ave = 26.83093977)
Loss2.0_1 = 24.74349785 (ave = 25.48308811)	Loss2.0_2 = 34.00906754 (ave = 31.31611986)
Loss3.0_1 = 24.74154282 (ave = 25.48712139)	Loss3.0_2 = 21.87299347 (ave = 19.94588971)
Loss4.0_1 = 24.74032784 (ave = 25.48072720)	Loss4.0_2 = 20.38562393 (ave = 18.82214961)
Loss5.0_1 = 24.73725700 (ave = 25.47805204)	Loss5.0_2 = 19.59922791 (ave = 18.14615808)
Loss6.0_1 = 24.73697281 (ave = 25.47775011)	Loss6.0_2 = 19.73667526 (ave = 18.17615719)
2021-08-21 20:52:22 -----------------------------------------------------------------------------------------------------------------

Train Iteration: 580	Time 143.643s / 20iters, (7.182)	Data load 92.427s / 20iters, (4.621371)
Learning rate = 2e-05
Loss = 276.78817749 (ave = 290.39688416)

Loss1.0_1 = 25.36073303 (ave = 25.70364523)	Loss1.0_2 = 25.57374382 (ave = 27.14484158)
Loss2.0_1 = 25.39588547 (ave = 25.74485369)	Loss2.0_2 = 29.34425926 (ave = 31.78043623)
Loss3.0_1 = 25.39889717 (ave = 25.74101105)	Loss3.0_2 = 18.53469467 (ave = 20.49248505)
Loss4.0_1 = 25.39634132 (ave = 25.73950405)	Loss4.0_2 = 17.30497742 (ave = 19.23383760)
Loss5.0_1 = 25.39299583 (ave = 25.73631601)	Loss5.0_2 = 16.87287521 (ave = 18.72762480)
Loss6.0_1 = 25.39206123 (ave = 25.73580093)	Loss6.0_2 = 16.82068253 (ave = 18.61653128)
2021-08-21 20:54:46 -----------------------------------------------------------------------------------------------------------------

Train Iteration: 600	Time 141.348s / 20iters, (7.067)	Data load 86.453s / 20iters, (4.322641)
Learning rate = 2e-05
Loss = 311.05364990 (ave = 279.33556213)

Loss1.0_1 = 27.14476204 (ave = 25.01213455)	Loss1.0_2 = 28.27309608 (ave = 25.73515310)
Loss2.0_1 = 27.18046570 (ave = 25.05283508)	Loss2.0_2 = 32.97208023 (ave = 30.60285978)
Loss3.0_1 = 27.17243004 (ave = 25.04806261)	Loss3.0_2 = 22.47901917 (ave = 19.19374895)
Loss4.0_1 = 27.16990089 (ave = 25.04519329)	Loss4.0_2 = 21.72409821 (ave = 18.13352089)
Loss5.0_1 = 27.16670036 (ave = 25.04296732)	Loss5.0_2 = 21.17069435 (ave = 17.76574569)
Loss6.0_1 = 27.16617584 (ave = 25.04232626)	Loss6.0_2 = 21.43423653 (ave = 17.66101546)
2021-08-21 20:57:07 -----------------------------------------------------------------------------------------------------------------

Train Iteration: 620	Time 140.294s / 20iters, (7.015)	Data load 87.330s / 20iters, (4.366510)
Learning rate = 2e-05
Loss = 281.21392822 (ave = 286.97873993)

Loss1.0_1 = 24.62753677 (ave = 26.00628834)	Loss1.0_2 = 27.02871323 (ave = 26.08392677)
Loss2.0_1 = 24.67440224 (ave = 26.04865665)	Loss2.0_2 = 31.67642975 (ave = 31.10151148)
Loss3.0_1 = 24.66841888 (ave = 26.04571342)	Loss3.0_2 = 19.79695129 (ave = 19.41670623)
Loss4.0_1 = 24.66596794 (ave = 26.04383736)	Loss4.0_2 = 18.71609879 (ave = 18.29270358)
Loss5.0_1 = 24.66314507 (ave = 26.04088459)	Loss5.0_2 = 18.10384941 (ave = 17.97656474)
Loss6.0_1 = 24.66276550 (ave = 26.04046087)	Loss6.0_2 = 17.92964172 (ave = 17.88148389)
2021-08-21 20:59:28 -----------------------------------------------------------------------------------------------------------------

Train Iteration: 640	Time 139.766s / 20iters, (6.988)	Data load 90.748s / 20iters, (4.537376)
Learning rate = 2e-05
Loss = 284.59112549 (ave = 273.21619110)

Loss1.0_1 = 25.31939316 (ave = 24.92022648)	Loss1.0_2 = 28.03095245 (ave = 25.11498270)
Loss2.0_1 = 25.36756516 (ave = 24.96571445)	Loss2.0_2 = 32.94488525 (ave = 30.40963297)
Loss3.0_1 = 25.36378098 (ave = 24.96195660)	Loss3.0_2 = 19.79060364 (ave = 18.32675190)
Loss4.0_1 = 25.35926247 (ave = 24.95872393)	Loss4.0_2 = 17.33727646 (ave = 16.85205135)
Loss5.0_1 = 25.35814857 (ave = 24.95709267)	Loss5.0_2 = 17.26655388 (ave = 16.46331649)
Loss6.0_1 = 25.35805511 (ave = 24.95680571)	Loss6.0_2 = 17.09462738 (ave = 16.32893190)
2021-08-21 21:01:47 -----------------------------------------------------------------------------------------------------------------

Train Iteration: 660	Time 140.192s / 20iters, (7.010)	Data load 91.073s / 20iters, (4.553625)
Learning rate = 2e-05
Loss = 311.33767700 (ave = 281.09725800)

Loss1.0_1 = 28.87055397 (ave = 25.52125263)	Loss1.0_2 = 26.77565765 (ave = 25.79167242)
Loss2.0_1 = 28.91570663 (ave = 25.56914454)	Loss2.0_2 = 32.08802795 (ave = 31.04450817)
Loss3.0_1 = 28.91636086 (ave = 25.56704159)	Loss3.0_2 = 21.08294296 (ave = 19.02656150)
Loss4.0_1 = 28.90813637 (ave = 25.56129980)	Loss4.0_2 = 19.80140686 (ave = 17.60946279)
Loss5.0_1 = 28.90867615 (ave = 25.55987768)	Loss5.0_2 = 19.15257645 (ave = 17.15604663)
Loss6.0_1 = 28.90809441 (ave = 25.55971298)	Loss6.0_2 = 19.00953484 (ave = 17.13067708)
2021-08-21 21:04:08 -----------------------------------------------------------------------------------------------------------------

Train Iteration: 680	Time 138.871s / 20iters, (6.944)	Data load 91.492s / 20iters, (4.574600)
Learning rate = 2e-05
Loss = 269.12133789 (ave = 279.66280136)

Loss1.0_1 = 24.23100853 (ave = 25.33519726)	Loss1.0_2 = 24.86666870 (ave = 25.39997015)
Loss2.0_1 = 24.29127121 (ave = 25.38819561)	Loss2.0_2 = 30.19851685 (ave = 30.71096163)
Loss3.0_1 = 24.27646255 (ave = 25.38319569)	Loss3.0_2 = 19.15130806 (ave = 18.92141085)
Loss4.0_1 = 24.27585602 (ave = 25.37923975)	Loss4.0_2 = 17.00264549 (ave = 17.67660341)
Loss5.0_1 = 24.27270317 (ave = 25.37692146)	Loss5.0_2 = 16.29562378 (ave = 17.40149698)
Loss6.0_1 = 24.27208328 (ave = 25.37665033)	Loss6.0_2 = 15.98721790 (ave = 17.31296067)
2021-08-21 21:06:27 -----------------------------------------------------------------------------------------------------------------

Train Iteration: 700	Time 144.153s / 20iters, (7.208)	Data load 92.849s / 20iters, (4.642463)
Learning rate = 2e-05
Loss = 252.79360962 (ave = 259.89639149)

Loss1.0_1 = 22.79927254 (ave = 23.19466253)	Loss1.0_2 = 22.92664719 (ave = 24.18027804)
Loss2.0_1 = 22.83295441 (ave = 23.23418985)	Loss2.0_2 = 28.84882164 (ave = 29.42216752)
Loss3.0_1 = 22.83050537 (ave = 23.23205692)	Loss3.0_2 = 16.44107819 (ave = 18.26510835)
Loss4.0_1 = 22.82500839 (ave = 23.22623365)	Loss4.0_2 = 16.05511284 (ave = 16.55686210)
Loss5.0_1 = 22.82067680 (ave = 23.22362199)	Loss5.0_2 = 15.66109085 (ave = 16.06542204)
Loss6.0_1 = 22.82027817 (ave = 23.22328338)	Loss6.0_2 = 15.93214798 (ave = 16.07250616)
2021-08-21 21:08:51 -----------------------------------------------------------------------------------------------------------------

Train Iteration: 720	Time 145.737s / 20iters, (7.287)	Data load 92.732s / 20iters, (4.636607)
Learning rate = 2e-05
Loss = 249.95895386 (ave = 260.28204193)

Loss1.0_1 = 21.83222389 (ave = 22.09302549)	Loss1.0_2 = 24.03162575 (ave = 25.23776417)
Loss2.0_1 = 21.86717033 (ave = 22.13512163)	Loss2.0_2 = 28.45102119 (ave = 30.64824553)
Loss3.0_1 = 21.85875511 (ave = 22.12773037)	Loss3.0_2 = 20.07017326 (ave = 19.46868858)
Loss4.0_1 = 21.85699272 (ave = 22.12685137)	Loss4.0_2 = 15.82211304 (ave = 17.53723955)
Loss5.0_1 = 21.85564804 (ave = 22.12382240)	Loss5.0_2 = 15.30592060 (ave = 17.29636087)
Loss6.0_1 = 21.85522842 (ave = 22.12332201)	Loss6.0_2 = 15.15208244 (ave = 17.36387219)
2021-08-21 21:11:16 -----------------------------------------------------------------------------------------------------------------

Train Iteration: 740	Time 142.419s / 20iters, (7.121)	Data load 92.770s / 20iters, (4.638510)
Learning rate = 2e-05
Loss = 272.33767700 (ave = 251.31881943)

Loss1.0_1 = 23.68338013 (ave = 21.92516661)	Loss1.0_2 = 25.76905441 (ave = 24.08924322)
Loss2.0_1 = 23.71977615 (ave = 21.95314465)	Loss2.0_2 = 30.68787193 (ave = 29.66953011)
Loss3.0_1 = 23.71894264 (ave = 21.94822598)	Loss3.0_2 = 19.15260506 (ave = 18.19262066)
Loss4.0_1 = 23.71490860 (ave = 21.94767628)	Loss4.0_2 = 18.27153015 (ave = 16.08065352)
Loss5.0_1 = 23.71402168 (ave = 21.94566784)	Loss5.0_2 = 18.01989365 (ave = 15.83217535)
Loss6.0_1 = 23.71372604 (ave = 21.94464312)	Loss6.0_2 = 18.17197990 (ave = 15.79007220)
2021-08-21 21:13:39 -----------------------------------------------------------------------------------------------------------------

Train Iteration: 760	Time 153.948s / 20iters, (7.697)	Data load 102.497s / 20iters, (5.124864)
Learning rate = 2e-05
Loss = 238.96643066 (ave = 256.62766266)

Loss1.0_1 = 22.73038864 (ave = 22.31727304)	Loss1.0_2 = 21.60411453 (ave = 24.45075817)
Loss2.0_1 = 22.77962875 (ave = 22.35957584)	Loss2.0_2 = 25.36691666 (ave = 29.69498196)
Loss3.0_1 = 22.77348518 (ave = 22.35594215)	Loss3.0_2 = 15.29305553 (ave = 18.25026288)
Loss4.0_1 = 22.76775932 (ave = 22.35229292)	Loss4.0_2 = 13.81399727 (ave = 16.90433502)
Loss5.0_1 = 22.76668930 (ave = 22.35062838)	Loss5.0_2 = 13.17138100 (ave = 16.67097588)
Loss6.0_1 = 22.76534843 (ave = 22.34974546)	Loss6.0_2 = 13.13365936 (ave = 16.57089343)
2021-08-21 21:16:13 -----------------------------------------------------------------------------------------------------------------

Train Iteration: 780	Time 142.704s / 20iters, (7.135)	Data load 95.447s / 20iters, (4.772355)
Learning rate = 2e-05
Loss = 271.26547241 (ave = 258.54899521)

Loss1.0_1 = 22.46915054 (ave = 22.30829878)	Loss1.0_2 = 27.00207901 (ave = 24.78749619)
Loss2.0_1 = 22.53800011 (ave = 22.35935764)	Loss2.0_2 = 31.45137024 (ave = 30.09710093)
Loss3.0_1 = 22.51280403 (ave = 22.34997110)	Loss3.0_2 = 20.32168198 (ave = 18.43670535)
Loss4.0_1 = 22.51205444 (ave = 22.34869051)	Loss4.0_2 = 19.51386070 (ave = 17.26941509)
Loss5.0_1 = 22.51097107 (ave = 22.34689884)	Loss5.0_2 = 18.85224533 (ave = 16.92882972)
Loss6.0_1 = 22.51059341 (ave = 22.34637165)	Loss6.0_2 = 19.07065201 (ave = 16.96985703)
2021-08-21 21:18:36 -----------------------------------------------------------------------------------------------------------------

Train Iteration: 800	Time 143.512s / 20iters, (7.176)	Data load 90.188s / 20iters, (4.509396)
Learning rate = 2e-05
Loss = 267.27557373 (ave = 252.04815750)

Loss1.0_1 = 22.09302330 (ave = 21.75945959)	Loss1.0_2 = 26.69636345 (ave = 24.35627899)
Loss2.0_1 = 22.15314293 (ave = 21.82176590)	Loss2.0_2 = 31.69335938 (ave = 29.81094427)
Loss3.0_1 = 22.14131927 (ave = 21.80279064)	Loss3.0_2 = 20.50182915 (ave = 18.39811006)
Loss4.0_1 = 22.13763809 (ave = 21.79909201)	Loss4.0_2 = 18.76696587 (ave = 16.53499818)
Loss5.0_1 = 22.13673782 (ave = 21.79629097)	Loss5.0_2 = 18.42274475 (ave = 16.12305522)
Loss6.0_1 = 22.13634491 (ave = 21.79588690)	Loss6.0_2 = 18.39612198 (ave = 16.04947820)
2021-08-21 21:20:59 -----------------------------------------------------------------------------------------------------------------

Train Iteration: 820	Time 148.287s / 20iters, (7.414)	Data load 101.176s / 20iters, (5.058776)
Learning rate = 2e-05
Loss = 279.80615234 (ave = 257.52193832)

Loss1.0_1 = 22.95636559 (ave = 21.88915062)	Loss1.0_2 = 27.90521431 (ave = 25.21443205)
Loss2.0_1 = 23.01381302 (ave = 21.94349756)	Loss2.0_2 = 34.26181412 (ave = 31.10382996)
Loss3.0_1 = 23.00345039 (ave = 21.94216585)	Loss3.0_2 = 20.40886688 (ave = 18.58459864)
Loss4.0_1 = 23.00279045 (ave = 21.93378353)	Loss4.0_2 = 19.89491844 (ave = 17.17300844)
Loss5.0_1 = 23.00003242 (ave = 21.93122940)	Loss5.0_2 = 19.84010696 (ave = 16.97766757)
Loss6.0_1 = 22.99999619 (ave = 21.93094053)	Loss6.0_2 = 19.51879311 (ave = 16.89763708)
2021-08-21 21:23:27 -----------------------------------------------------------------------------------------------------------------

Train Iteration: 840	Time 145.561s / 20iters, (7.278)	Data load 90.269s / 20iters, (4.513433)
Learning rate = 2e-05
Loss = 255.60696411 (ave = 256.50585327)

Loss1.0_1 = 21.85656738 (ave = 22.21383915)	Loss1.0_2 = 25.36713791 (ave = 24.89143610)
Loss2.0_1 = 21.87953949 (ave = 22.27402992)	Loss2.0_2 = 30.76473618 (ave = 30.75812483)
Loss3.0_1 = 21.86912155 (ave = 22.26650515)	Loss3.0_2 = 18.30323792 (ave = 18.08452597)
Loss4.0_1 = 21.86694527 (ave = 22.25846424)	Loss4.0_2 = 17.08524132 (ave = 16.62706394)
Loss5.0_1 = 21.86595726 (ave = 22.25731316)	Loss5.0_2 = 16.47660828 (ave = 16.29769669)
Loss6.0_1 = 21.86583328 (ave = 22.25700436)	Loss6.0_2 = 16.40605164 (ave = 16.31984849)
2021-08-21 21:25:53 -----------------------------------------------------------------------------------------------------------------

Train Iteration: 860	Time 143.603s / 20iters, (7.180)	Data load 94.588s / 20iters, (4.729414)
Learning rate = 2e-05
Loss = 243.26734924 (ave = 248.72853394)

Loss1.0_1 = 20.88007545 (ave = 21.62226954)	Loss1.0_2 = 22.78643417 (ave = 24.06740494)
Loss2.0_1 = 20.93375015 (ave = 21.67963915)	Loss2.0_2 = 29.76388168 (ave = 30.20609331)
Loss3.0_1 = 20.93115616 (ave = 21.67643719)	Loss3.0_2 = 17.28769684 (ave = 17.45643911)
Loss4.0_1 = 20.92677307 (ave = 21.66844444)	Loss4.0_2 = 16.08699226 (ave = 15.86111121)
Loss5.0_1 = 20.92516708 (ave = 21.66700153)	Loss5.0_2 = 15.65909958 (ave = 15.60363402)
Loss6.0_1 = 20.92511940 (ave = 21.66665401)	Loss6.0_2 = 16.16118240 (ave = 15.55340595)
2021-08-21 21:28:16 -----------------------------------------------------------------------------------------------------------------

Train Iteration: 880	Time 142.323s / 20iters, (7.116)	Data load 90.565s / 20iters, (4.528259)
Learning rate = 2e-05
Loss = 248.45767212 (ave = 253.83819733)

Loss1.0_1 = 22.52634430 (ave = 22.23358450)	Loss1.0_2 = 23.30102539 (ave = 23.86675158)
Loss2.0_1 = 22.57579041 (ave = 22.29349089)	Loss2.0_2 = 29.11249161 (ave = 30.20109539)
Loss3.0_1 = 22.57865334 (ave = 22.28994589)	Loss3.0_2 = 17.20653343 (ave = 18.28804088)
Loss4.0_1 = 22.57176590 (ave = 22.28528080)	Loss4.0_2 = 14.81688404 (ave = 16.32848687)
Loss5.0_1 = 22.57004547 (ave = 22.28358345)	Loss5.0_2 = 14.40254211 (ave = 15.77613077)
Loss6.0_1 = 22.56964493 (ave = 22.28325739)	Loss6.0_2 = 14.22596550 (ave = 15.70855193)
2021-08-21 21:30:39 -----------------------------------------------------------------------------------------------------------------

Train Iteration: 900	Time 157.551s / 20iters, (7.878)	Data load 102.263s / 20iters, (5.113167)
Learning rate = 2e-05
Loss = 241.03147888 (ave = 253.63132477)

Loss1.0_1 = 21.17584419 (ave = 21.94894123)	Loss1.0_2 = 23.12981033 (ave = 24.31227312)
Loss2.0_1 = 21.23753738 (ave = 22.00099001)	Loss2.0_2 = 29.60895729 (ave = 30.30925236)
Loss3.0_1 = 21.22747612 (ave = 21.99890137)	Loss3.0_2 = 16.34988594 (ave = 18.28863974)
Loss4.0_1 = 21.22597885 (ave = 21.99598684)	Loss4.0_2 = 15.07098579 (ave = 16.59684076)
Loss5.0_1 = 21.22471428 (ave = 21.99407873)	Loss5.0_2 = 14.75477982 (ave = 16.13871851)
Loss6.0_1 = 21.22441483 (ave = 21.99367352)	Loss6.0_2 = 14.80108070 (ave = 16.05303473)
2021-08-21 21:33:16 -----------------------------------------------------------------------------------------------------------------

Train Iteration: 920	Time 136.569s / 20iters, (6.828)	Data load 85.600s / 20iters, (4.280006)
Learning rate = 2e-05
Loss = 275.63586426 (ave = 247.30775502)

Loss1.0_1 = 22.73782158 (ave = 21.74124999)	Loss1.0_2 = 28.47100258 (ave = 23.64377956)
Loss2.0_1 = 22.78619576 (ave = 21.80184972)	Loss2.0_2 = 34.37678528 (ave = 29.80496488)
Loss3.0_1 = 22.77827454 (ave = 21.79108719)	Loss3.0_2 = 20.60581398 (ave = 17.03471921)
Loss4.0_1 = 22.77844238 (ave = 21.78946694)	Loss4.0_2 = 18.68349075 (ave = 15.53501069)
Loss5.0_1 = 22.77770424 (ave = 21.78823381)	Loss5.0_2 = 18.45188141 (ave = 15.30655956)
Loss6.0_1 = 22.77709007 (ave = 21.78804822)	Loss6.0_2 = 18.41133690 (ave = 15.28278770)
2021-08-21 21:35:33 -----------------------------------------------------------------------------------------------------------------

Train Iteration: 940	Time 144.887s / 20iters, (7.244)	Data load 92.638s / 20iters, (4.631879)
Learning rate = 2e-05
Loss = 225.83000183 (ave = 242.48741608)

Loss1.0_1 = 20.86652374 (ave = 20.75713663)	Loss1.0_2 = 21.07188797 (ave = 23.66092720)
Loss2.0_1 = 20.90568352 (ave = 20.80728331)	Loss2.0_2 = 26.80179024 (ave = 30.14297695)
Loss3.0_1 = 20.90216637 (ave = 20.79934893)	Loss3.0_2 = 14.16080093 (ave = 17.20475035)
Loss4.0_1 = 20.89918137 (ave = 20.79748478)	Loss4.0_2 = 13.00595093 (ave = 15.73473244)
Loss5.0_1 = 20.89868164 (ave = 20.79623728)	Loss5.0_2 = 12.70099449 (ave = 15.53427620)
Loss6.0_1 = 20.89847946 (ave = 20.79596920)	Loss6.0_2 = 12.71786118 (ave = 15.45629148)
2021-08-21 21:37:58 -----------------------------------------------------------------------------------------------------------------

Train Iteration: 960	Time 143.239s / 20iters, (7.162)	Data load 92.076s / 20iters, (4.603795)
Learning rate = 2e-05
Loss = 263.16226196 (ave = 244.92317505)

Loss1.0_1 = 21.47903824 (ave = 20.99998035)	Loss1.0_2 = 25.96360016 (ave = 23.41281242)
Loss2.0_1 = 21.54749870 (ave = 21.06036320)	Loss2.0_2 = 33.50154114 (ave = 29.49670677)
Loss3.0_1 = 21.54375076 (ave = 21.04692459)	Loss3.0_2 = 20.11688995 (ave = 18.14308643)
Loss4.0_1 = 21.53734398 (ave = 21.04312525)	Loss4.0_2 = 18.37309837 (ave = 16.18470006)
Loss5.0_1 = 21.53574181 (ave = 21.04204254)	Loss5.0_2 = 17.99525833 (ave = 15.71297917)
Loss6.0_1 = 21.53524971 (ave = 21.04155588)	Loss6.0_2 = 18.03328323 (ave = 15.73890390)
2021-08-21 21:40:21 -----------------------------------------------------------------------------------------------------------------

Train Iteration: 980	Time 147.717s / 20iters, (7.386)	Data load 96.196s / 20iters, (4.809786)
Learning rate = 2e-05
Loss = 226.48144531 (ave = 244.31734543)

Loss1.0_1 = 20.96641541 (ave = 20.93050137)	Loss1.0_2 = 20.56885338 (ave = 23.98237906)
Loss2.0_1 = 21.02436829 (ave = 20.98557539)	Loss2.0_2 = 25.30045319 (ave = 30.07044477)
Loss3.0_1 = 21.02069664 (ave = 20.97774734)	Loss3.0_2 = 15.11401749 (ave = 17.32036505)
Loss4.0_1 = 21.01815414 (ave = 20.97473631)	Loss4.0_2 = 13.38203430 (ave = 15.88896732)
Loss5.0_1 = 21.01608658 (ave = 20.97351389)	Loss5.0_2 = 13.02726173 (ave = 15.63073812)
Loss6.0_1 = 21.01607704 (ave = 20.97331686)	Loss6.0_2 = 13.02701092 (ave = 15.60906243)
2021-08-21 21:42:49 -----------------------------------------------------------------------------------------------------------------

Train Iteration: 1000	Time 143.005s / 20iters, (7.150)	Data load 89.489s / 20iters, (4.474473)
Learning rate = 2e-05
Loss = 242.88008118 (ave = 247.67271881)

Loss1.0_1 = 21.14212608 (ave = 21.33208542)	Loss1.0_2 = 23.74045181 (ave = 24.01685791)
Loss2.0_1 = 21.23439598 (ave = 21.40154047)	Loss2.0_2 = 30.10820007 (ave = 30.07409735)
Loss3.0_1 = 21.20923424 (ave = 21.38855467)	Loss3.0_2 = 17.06400681 (ave = 17.65735459)
Loss4.0_1 = 21.19954681 (ave = 21.38496761)	Loss4.0_2 = 14.80688095 (ave = 15.94684234)
Loss5.0_1 = 21.19850349 (ave = 21.38361435)	Loss5.0_2 = 14.94387817 (ave = 15.83383203)
Loss6.0_1 = 21.19843674 (ave = 21.38321829)	Loss6.0_2 = 15.03440285 (ave = 15.86975441)
2021-08-21 21:45:12 -----------------------------------------------------------------------------------------------------------------

Test Time 1017.214s, (1017.214)	Loss 1118.05767007

Loss1.0_1 = 172.24497986 (ave = 140.10368310)	Loss1.0_2 = 59.45509338 (ave = 45.74174603)
Loss2.0_1 = 172.36920166 (ave = 140.22401204)	Loss2.0_2 = 59.12839508 (ave = 45.43052804)
Loss3.0_1 = 172.42399597 (ave = 140.25607573)	Loss3.0_2 = 60.24848557 (ave = 46.75835363)
Loss4.0_1 = 172.36622620 (ave = 140.21039047)	Loss4.0_2 = 60.08726120 (ave = 46.26010318)
Loss5.0_1 = 172.37278748 (ave = 140.21439432)	Loss5.0_2 = 59.78759384 (ave = 46.04040304)
Loss6.0_1 = 172.36978149 (ave = 140.21187062)	Loss6.0_2 = 60.54388046 (ave = 46.60611572)
2021-08-21 22:02:10 -----------------------------------------------------------------------------------------------------------------

Train Iteration: 1020	Time 121.045s / 20iters, (6.052)	Data load 67.859s / 20iters, (3.392965)
Learning rate = 2e-05
Loss = 238.74588013 (ave = 239.92069550)

Loss1.0_1 = 19.86411858 (ave = 20.68644028)	Loss1.0_2 = 24.96054840 (ave = 23.32463989)
Loss2.0_1 = 19.91853905 (ave = 20.75353489)	Loss2.0_2 = 31.82506371 (ave = 29.70200319)
Loss3.0_1 = 19.91534996 (ave = 20.73983517)	Loss3.0_2 = 18.34830666 (ave = 17.14751878)
Loss4.0_1 = 19.91650391 (ave = 20.73711405)	Loss4.0_2 = 14.91639900 (ave = 15.30779495)
Loss5.0_1 = 19.91202545 (ave = 20.73515120)	Loss5.0_2 = 14.81186867 (ave = 15.03289905)
Loss6.0_1 = 19.91197586 (ave = 20.73495712)	Loss6.0_2 = 14.44515896 (ave = 15.01880856)
2021-08-21 22:04:10 -----------------------------------------------------------------------------------------------------------------

Train Iteration: 1040	Time 145.247s / 20iters, (7.262)	Data load 91.918s / 20iters, (4.595879)
Learning rate = 2e-05
Loss = 247.21482849 (ave = 243.75394058)

Loss1.0_1 = 20.19288063 (ave = 21.06470261)	Loss1.0_2 = 25.41197014 (ave = 23.46386280)
Loss2.0_1 = 20.26262665 (ave = 21.12263250)	Loss2.0_2 = 32.92234039 (ave = 29.92479887)
Loss3.0_1 = 20.25943756 (ave = 21.12097416)	Loss3.0_2 = 18.40490723 (ave = 17.38809571)
Loss4.0_1 = 20.25803566 (ave = 21.11895714)	Loss4.0_2 = 16.63978195 (ave = 15.64133182)
Loss5.0_1 = 20.25699425 (ave = 21.11688013)	Loss5.0_2 = 16.15108871 (ave = 15.33205175)
Loss6.0_1 = 20.25697136 (ave = 21.11685495)	Loss6.0_2 = 16.19778824 (ave = 15.34280500)
2021-08-21 22:06:35 -----------------------------------------------------------------------------------------------------------------

Train Iteration: 1060	Time 144.112s / 20iters, (7.206)	Data load 90.035s / 20iters, (4.501769)
Learning rate = 2e-05
Loss = 237.02575684 (ave = 240.49376755)

Loss1.0_1 = 20.95915985 (ave = 20.70741644)	Loss1.0_2 = 22.04962349 (ave = 23.43395281)
Loss2.0_1 = 21.03142357 (ave = 20.76211538)	Loss2.0_2 = 28.23600388 (ave = 29.54952459)
Loss3.0_1 = 21.02553940 (ave = 20.75833969)	Loss3.0_2 = 16.32019043 (ave = 17.24077239)
Loss4.0_1 = 21.02376175 (ave = 20.75625591)	Loss4.0_2 = 15.30948734 (ave = 15.56109934)
Loss5.0_1 = 21.02129555 (ave = 20.75490999)	Loss5.0_2 = 14.53491211 (ave = 15.11507182)
Loss6.0_1 = 21.02117920 (ave = 20.75476656)	Loss6.0_2 = 14.49316883 (ave = 15.09953985)
2021-08-21 22:08:59 -----------------------------------------------------------------------------------------------------------------

Train Iteration: 1080	Time 143.500s / 20iters, (7.175)	Data load 93.286s / 20iters, (4.664295)
Learning rate = 2e-05
Loss = 243.56431580 (ave = 241.12855911)

Loss1.0_1 = 20.81758881 (ave = 20.75302782)	Loss1.0_2 = 23.46822357 (ave = 23.39439774)
Loss2.0_1 = 20.88124084 (ave = 20.80841970)	Loss2.0_2 = 29.98632812 (ave = 29.92416430)
Loss3.0_1 = 20.87484932 (ave = 20.80374517)	Loss3.0_2 = 17.48011589 (ave = 17.15218277)
Loss4.0_1 = 20.87049103 (ave = 20.80168972)	Loss4.0_2 = 15.91244698 (ave = 15.55786095)
Loss5.0_1 = 20.86966896 (ave = 20.80020065)	Loss5.0_2 = 15.80071545 (ave = 15.16682000)
Loss6.0_1 = 20.86947060 (ave = 20.79990854)	Loss6.0_2 = 15.73315048 (ave = 15.16614017)
2021-08-21 22:11:23 -----------------------------------------------------------------------------------------------------------------

Train Iteration: 1100	Time 152.982s / 20iters, (7.649)	Data load 103.606s / 20iters, (5.180323)
Learning rate = 2e-05
Loss = 260.02230835 (ave = 241.96709976)

Loss1.0_1 = 21.98026276 (ave = 20.98454494)	Loss1.0_2 = 24.95091057 (ave = 22.99967775)
Loss2.0_1 = 22.05340004 (ave = 21.04845629)	Loss2.0_2 = 32.03740311 (ave = 29.78243303)
Loss3.0_1 = 22.04145241 (ave = 21.04129953)	Loss3.0_2 = 18.41574478 (ave = 17.10766039)
Loss4.0_1 = 22.03501892 (ave = 21.03658409)	Loss4.0_2 = 17.69160271 (ave = 15.57668920)
Loss5.0_1 = 22.03397369 (ave = 21.03584108)	Loss5.0_2 = 17.31395912 (ave = 15.16949258)
Loss6.0_1 = 22.03385925 (ave = 21.03558149)	Loss6.0_2 = 17.43470383 (ave = 15.14884315)
2021-08-21 22:13:56 -----------------------------------------------------------------------------------------------------------------

Train Iteration: 1120	Time 155.933s / 20iters, (7.797)	Data load 104.761s / 20iters, (5.238065)
Learning rate = 2e-05
Loss = 226.55844116 (ave = 243.19558563)

Loss1.0_1 = 20.74909019 (ave = 20.76921749)	Loss1.0_2 = 20.59013748 (ave = 23.57110596)
Loss2.0_1 = 20.83033371 (ave = 20.84112635)	Loss2.0_2 = 27.99584961 (ave = 30.47999411)
Loss3.0_1 = 20.82307816 (ave = 20.83087292)	Loss3.0_2 = 14.79422951 (ave = 17.56402040)
Loss4.0_1 = 20.82304764 (ave = 20.82570448)	Loss4.0_2 = 13.27753735 (ave = 15.86148362)
Loss5.0_1 = 20.82110214 (ave = 20.82456446)	Loss5.0_2 = 12.52717590 (ave = 15.41725636)
Loss6.0_1 = 20.82097054 (ave = 20.82431116)	Loss6.0_2 = 12.50588894 (ave = 15.38593049)
2021-08-21 22:16:32 -----------------------------------------------------------------------------------------------------------------

Train Iteration: 1140	Time 150.989s / 20iters, (7.549)	Data load 99.459s / 20iters, (4.972974)
Learning rate = 2e-05
Loss = 227.96409607 (ave = 244.08251038)

Loss1.0_1 = 20.07756042 (ave = 21.10837326)	Loss1.0_2 = 21.22088432 (ave = 23.02836361)
Loss2.0_1 = 20.17112732 (ave = 21.17523689)	Loss2.0_2 = 28.19266510 (ave = 29.51442175)
Loss3.0_1 = 20.17603874 (ave = 21.16971989)	Loss3.0_2 = 15.90769672 (ave = 17.42441034)
Loss4.0_1 = 20.16352654 (ave = 21.16297426)	Loss4.0_2 = 14.09459305 (ave = 15.90506625)
Loss5.0_1 = 20.16189766 (ave = 21.16159191)	Loss5.0_2 = 13.72454548 (ave = 15.66596456)
Loss6.0_1 = 20.16152573 (ave = 21.16108322)	Loss6.0_2 = 13.91203594 (ave = 15.60530343)
2021-08-21 22:19:03 -----------------------------------------------------------------------------------------------------------------

Train Iteration: 1160	Time 141.230s / 20iters, (7.062)	Data load 90.391s / 20iters, (4.519563)
Learning rate = 2e-05
Loss = 246.66111755 (ave = 238.80601700)

Loss1.0_1 = 20.14472008 (ave = 20.51450254)	Loss1.0_2 = 25.35785294 (ave = 22.84657345)
Loss2.0_1 = 20.20178413 (ave = 20.57929591)	Loss2.0_2 = 31.41831970 (ave = 29.79858660)
Loss3.0_1 = 20.19320297 (ave = 20.57484240)	Loss3.0_2 = 18.89917564 (ave = 16.97663707)
Loss4.0_1 = 20.18852425 (ave = 20.56838264)	Loss4.0_2 = 16.65083122 (ave = 15.44114839)
Loss5.0_1 = 20.18782806 (ave = 20.56694140)	Loss5.0_2 = 16.63022614 (ave = 15.15964071)
Loss6.0_1 = 20.18769455 (ave = 20.56652758)	Loss6.0_2 = 16.60098648 (ave = 15.21293992)
2021-08-21 22:21:24 -----------------------------------------------------------------------------------------------------------------

Train Iteration: 1180	Time 140.297s / 20iters, (7.015)	Data load 96.991s / 20iters, (4.849574)
Learning rate = 2e-05
Loss = 251.94984436 (ave = 241.47548981)

Loss1.0_1 = 20.31735992 (ave = 20.41582270)	Loss1.0_2 = 25.78165817 (ave = 23.86029959)
Loss2.0_1 = 20.42842102 (ave = 20.47714968)	Loss2.0_2 = 33.73221588 (ave = 30.57024803)
Loss3.0_1 = 20.42305374 (ave = 20.47218790)	Loss3.0_2 = 19.23657036 (ave = 17.33830671)
Loss4.0_1 = 20.41696739 (ave = 20.46691484)	Loss4.0_2 = 17.42741776 (ave = 15.75892577)
Loss5.0_1 = 20.41613960 (ave = 20.46548882)	Loss5.0_2 = 16.68510628 (ave = 15.60366464)
Loss6.0_1 = 20.41577148 (ave = 20.46508465)	Loss6.0_2 = 16.66917801 (ave = 15.58139811)
2021-08-21 22:23:44 -----------------------------------------------------------------------------------------------------------------

Train Iteration: 1200	Time 142.835s / 20iters, (7.142)	Data load 89.713s / 20iters, (4.485655)
Learning rate = 2e-05
Loss = 244.86357117 (ave = 236.26852036)

Loss1.0_1 = 21.21907043 (ave = 20.50050697)	Loss1.0_2 = 22.95274544 (ave = 22.84036283)
Loss2.0_1 = 21.29290199 (ave = 20.56195784)	Loss2.0_2 = 29.19709206 (ave = 29.31724100)
Loss3.0_1 = 21.27664757 (ave = 20.55152702)	Loss3.0_2 = 17.06271553 (ave = 16.52304449)
Loss4.0_1 = 21.27529716 (ave = 20.54796696)	Loss4.0_2 = 16.15027618 (ave = 14.98438244)
Loss5.0_1 = 21.27237511 (ave = 20.54652700)	Loss5.0_2 = 15.91109276 (ave = 14.66413178)
Loss6.0_1 = 21.27203560 (ave = 20.54613199)	Loss6.0_2 = 15.98131657 (ave = 14.68473725)
2021-08-21 22:26:07 -----------------------------------------------------------------------------------------------------------------

Train Iteration: 1220	Time 140.960s / 20iters, (7.048)	Data load 91.733s / 20iters, (4.586658)
Learning rate = 2e-05
Loss = 250.10295105 (ave = 242.76726456)

Loss1.0_1 = 21.25386047 (ave = 20.75585203)	Loss1.0_2 = 24.88133621 (ave = 23.45342693)
Loss2.0_1 = 21.29889488 (ave = 20.82112198)	Loss2.0_2 = 29.37922287 (ave = 30.24905367)
Loss3.0_1 = 21.29509926 (ave = 20.81144066)	Loss3.0_2 = 18.18638039 (ave = 17.40267754)
Loss4.0_1 = 21.28896713 (ave = 20.80791206)	Loss4.0_2 = 16.75528145 (ave = 15.76875467)
Loss5.0_1 = 21.28763008 (ave = 20.80595846)	Loss5.0_2 = 16.68005180 (ave = 15.56148672)
Loss6.0_1 = 21.28762436 (ave = 20.80578537)	Loss6.0_2 = 16.50860977 (ave = 15.52379551)
2021-08-21 22:28:28 -----------------------------------------------------------------------------------------------------------------

Train Iteration: 1240	Time 139.023s / 20iters, (6.951)	Data load 89.517s / 20iters, (4.475863)
Learning rate = 2e-05
Loss = 231.86270142 (ave = 237.91221619)

Loss1.0_1 = 20.28451538 (ave = 20.68373785)	Loss1.0_2 = 22.14381409 (ave = 22.76686468)
Loss2.0_1 = 20.34634972 (ave = 20.74722347)	Loss2.0_2 = 28.02260780 (ave = 29.48075867)
Loss3.0_1 = 20.33534050 (ave = 20.74080086)	Loss3.0_2 = 16.85433006 (ave = 16.83065529)
Loss4.0_1 = 20.33230209 (ave = 20.73922825)	Loss4.0_2 = 14.30900288 (ave = 14.91855502)
Loss5.0_1 = 20.33114052 (ave = 20.73777323)	Loss5.0_2 = 14.29436684 (ave = 14.70470886)
Loss6.0_1 = 20.33100128 (ave = 20.73752842)	Loss6.0_2 = 14.27792740 (ave = 14.82438102)
2021-08-21 22:30:47 -----------------------------------------------------------------------------------------------------------------

Train Iteration: 1260	Time 142.608s / 20iters, (7.130)	Data load 90.136s / 20iters, (4.506824)
Learning rate = 2e-05
Loss = 229.56349182 (ave = 237.68016052)

Loss1.0_1 = 19.59291649 (ave = 20.53402157)	Loss1.0_2 = 22.92258453 (ave = 22.74624538)
Loss2.0_1 = 19.65204430 (ave = 20.60094509)	Loss2.0_2 = 30.24842644 (ave = 29.60908365)
Loss3.0_1 = 19.64108276 (ave = 20.58625555)	Loss3.0_2 = 16.62374878 (ave = 16.72280936)
Loss4.0_1 = 19.64075851 (ave = 20.58480692)	Loss4.0_2 = 14.20936298 (ave = 15.18084841)
Loss5.0_1 = 19.63811684 (ave = 20.58288240)	Loss5.0_2 = 13.81540775 (ave = 14.93672757)
Loss6.0_1 = 19.63816261 (ave = 20.58278656)	Loss6.0_2 = 13.94083500 (ave = 15.01274490)
2021-08-21 22:33:10 -----------------------------------------------------------------------------------------------------------------

Train Iteration: 1280	Time 145.362s / 20iters, (7.268)	Data load 94.435s / 20iters, (4.721767)
Learning rate = 2e-05
Loss = 230.51593018 (ave = 233.56008072)

Loss1.0_1 = 20.57380295 (ave = 20.30859480)	Loss1.0_2 = 22.13626099 (ave = 22.36116323)
Loss2.0_1 = 20.61643028 (ave = 20.38084955)	Loss2.0_2 = 28.39951134 (ave = 28.96575136)
Loss3.0_1 = 20.61443329 (ave = 20.36942959)	Loss3.0_2 = 15.42587376 (ave = 16.08100805)
Loss4.0_1 = 20.61065483 (ave = 20.36811361)	Loss4.0_2 = 13.79540730 (ave = 14.78480453)
Loss5.0_1 = 20.60911369 (ave = 20.36637897)	Loss5.0_2 = 13.69713688 (ave = 14.60775962)
Loss6.0_1 = 20.60889053 (ave = 20.36616726)	Loss6.0_2 = 13.42839813 (ave = 14.60005913)
2021-08-21 22:35:35 -----------------------------------------------------------------------------------------------------------------

Train Iteration: 1300	Time 142.769s / 20iters, (7.138)	Data load 89.285s / 20iters, (4.464242)
Learning rate = 2e-05
Loss = 263.18804932 (ave = 240.44097900)

Loss1.0_1 = 21.70895767 (ave = 20.63171549)	Loss1.0_2 = 25.38020515 (ave = 23.12964878)
Loss2.0_1 = 21.76934624 (ave = 20.70089884)	Loss2.0_2 = 33.28874969 (ave = 30.23963337)
Loss3.0_1 = 21.75501823 (ave = 20.69022379)	Loss3.0_2 = 19.14831924 (ave = 16.80327778)
Loss4.0_1 = 21.75356674 (ave = 20.68835182)	Loss4.0_2 = 18.55162048 (ave = 15.52216415)
Loss5.0_1 = 21.75184631 (ave = 20.68636532)	Loss5.0_2 = 18.09903908 (ave = 15.36719556)
Loss6.0_1 = 21.75104904 (ave = 20.68600349)	Loss6.0_2 = 18.23033142 (ave = 15.29550133)
2021-08-21 22:37:58 -----------------------------------------------------------------------------------------------------------------

Train Iteration: 1320	Time 142.863s / 20iters, (7.143)	Data load 90.887s / 20iters, (4.544366)
Learning rate = 2e-05
Loss = 264.05010986 (ave = 243.09970703)

Loss1.0_1 = 22.66741180 (ave = 20.74565477)	Loss1.0_2 = 25.46594429 (ave = 23.39846067)
Loss2.0_1 = 22.74302101 (ave = 20.81633091)	Loss2.0_2 = 32.12173462 (ave = 30.31580772)
Loss3.0_1 = 22.74601173 (ave = 20.80767136)	Loss3.0_2 = 18.48517799 (ave = 17.01409531)
Loss4.0_1 = 22.73587227 (ave = 20.80416708)	Loss4.0_2 = 17.59544373 (ave = 16.03974309)
Loss5.0_1 = 22.73553658 (ave = 20.80251036)	Loss5.0_2 = 16.99000931 (ave = 15.72973814)
Loss6.0_1 = 22.73511314 (ave = 20.80221148)	Loss6.0_2 = 17.02885818 (ave = 15.82331810)
2021-08-21 22:40:21 -----------------------------------------------------------------------------------------------------------------

Train Iteration: 1340	Time 143.897s / 20iters, (7.195)	Data load 90.811s / 20iters, (4.540568)
Learning rate = 2e-05
Loss = 255.97203064 (ave = 242.75132675)

Loss1.0_1 = 21.87599754 (ave = 20.51488247)	Loss1.0_2 = 24.60316277 (ave = 23.81377697)
Loss2.0_1 = 21.96515274 (ave = 20.57979612)	Loss2.0_2 = 31.64507675 (ave = 30.64415674)
Loss3.0_1 = 21.95003128 (ave = 20.57400084)	Loss3.0_2 = 18.34262276 (ave = 17.19605622)
Loss4.0_1 = 21.94569588 (ave = 20.57037449)	Loss4.0_2 = 16.96697998 (ave = 16.04721055)
Loss5.0_1 = 21.94386482 (ave = 20.56899662)	Loss5.0_2 = 16.39260292 (ave = 15.83083844)
Loss6.0_1 = 21.94367409 (ave = 20.56859503)	Loss6.0_2 = 16.39716721 (ave = 15.84264126)
2021-08-21 22:42:45 -----------------------------------------------------------------------------------------------------------------

Train Iteration: 1360	Time 142.440s / 20iters, (7.122)	Data load 95.271s / 20iters, (4.763563)
Learning rate = 2e-05
Loss = 255.21295166 (ave = 236.96883469)

Loss1.0_1 = 21.23485374 (ave = 20.58403540)	Loss1.0_2 = 25.52206612 (ave = 22.57353649)
Loss2.0_1 = 21.28008842 (ave = 20.65399151)	Loss2.0_2 = 32.85259247 (ave = 28.99761591)
Loss3.0_1 = 21.27677917 (ave = 20.64527569)	Loss3.0_2 = 18.87084770 (ave = 16.59515886)
Loss4.0_1 = 21.27094650 (ave = 20.64169893)	Loss4.0_2 = 16.83763504 (ave = 15.21328793)
Loss5.0_1 = 21.27076340 (ave = 20.64038286)	Loss5.0_2 = 16.69474030 (ave = 14.85732255)
Loss6.0_1 = 21.27029037 (ave = 20.64011879)	Loss6.0_2 = 16.83132172 (ave = 14.92641110)
2021-08-21 22:45:07 -----------------------------------------------------------------------------------------------------------------

Train Iteration: 1380	Time 139.651s / 20iters, (6.983)	Data load 90.999s / 20iters, (4.549966)
Learning rate = 2e-05
Loss = 208.92109680 (ave = 238.67442689)

Loss1.0_1 = 19.99605179 (ave = 20.58534194)	Loss1.0_2 = 18.11311531 (ave = 23.04722414)
Loss2.0_1 = 20.08399200 (ave = 20.65300360)	Loss2.0_2 = 24.96612930 (ave = 29.69874290)
Loss3.0_1 = 20.08524895 (ave = 20.64839881)	Loss3.0_2 = 13.28301525 (ave = 16.95069981)
Loss4.0_1 = 20.07870293 (ave = 20.64598928)	Loss4.0_2 = 10.90683460 (ave = 15.21167718)
Loss5.0_1 = 20.07777405 (ave = 20.64448286)	Loss5.0_2 = 10.65822506 (ave = 14.96047844)
Loss6.0_1 = 20.07771683 (ave = 20.64400849)	Loss6.0_2 = 10.59431267 (ave = 14.98437968)
2021-08-21 22:47:27 -----------------------------------------------------------------------------------------------------------------

Train Iteration: 1400	Time 144.045s / 20iters, (7.202)	Data load 90.932s / 20iters, (4.546609)
Learning rate = 2e-05
Loss = 228.66233826 (ave = 239.38226166)

Loss1.0_1 = 20.53967285 (ave = 20.37073088)	Loss1.0_2 = 21.53014183 (ave = 23.18544197)
Loss2.0_1 = 20.58542252 (ave = 20.43870096)	Loss2.0_2 = 27.72689247 (ave = 30.31585627)
Loss3.0_1 = 20.58878326 (ave = 20.43536243)	Loss3.0_2 = 15.42221546 (ave = 17.21882272)
Loss4.0_1 = 20.58738136 (ave = 20.43088512)	Loss4.0_2 = 13.62961960 (ave = 15.53749228)
Loss5.0_1 = 20.58264732 (ave = 20.42867899)	Loss5.0_2 = 13.49448204 (ave = 15.30925193)
Loss6.0_1 = 20.58241463 (ave = 20.42845907)	Loss6.0_2 = 13.39266396 (ave = 15.28257666)
2021-08-21 22:49:51 -----------------------------------------------------------------------------------------------------------------

Train Iteration: 1420	Time 141.249s / 20iters, (7.062)	Data load 88.332s / 20iters, (4.416590)
Learning rate = 2e-05
Loss = 253.13710022 (ave = 236.11689072)

Loss1.0_1 = 20.54901505 (ave = 20.35281982)	Loss1.0_2 = 24.29583359 (ave = 22.53803558)
Loss2.0_1 = 20.59980392 (ave = 20.40885630)	Loss2.0_2 = 31.73807335 (ave = 29.76602163)
Loss3.0_1 = 20.58325386 (ave = 20.40607491)	Loss3.0_2 = 18.93136597 (ave = 16.47288404)
Loss4.0_1 = 20.58251190 (ave = 20.40402822)	Loss4.0_2 = 18.04094315 (ave = 15.06975470)
Loss5.0_1 = 20.58041191 (ave = 20.40264654)	Loss5.0_2 = 18.31237221 (ave = 14.94072313)
Loss6.0_1 = 20.58005905 (ave = 20.40231857)	Loss6.0_2 = 18.34342766 (ave = 14.95272913)
2021-08-21 22:52:12 -----------------------------------------------------------------------------------------------------------------

Train Iteration: 1440	Time 144.718s / 20iters, (7.236)	Data load 93.396s / 20iters, (4.669816)
Learning rate = 2e-05
Loss = 247.68560791 (ave = 238.38333588)

Loss1.0_1 = 21.57505417 (ave = 20.42760305)	Loss1.0_2 = 22.55020714 (ave = 23.19310942)
Loss2.0_1 = 21.63183975 (ave = 20.49679518)	Loss2.0_2 = 30.84733963 (ave = 30.21448946)
Loss3.0_1 = 21.62398911 (ave = 20.48927288)	Loss3.0_2 = 17.19798470 (ave = 16.71051230)
Loss4.0_1 = 21.62230110 (ave = 20.48591700)	Loss4.0_2 = 16.13544464 (ave = 15.30362525)
Loss5.0_1 = 21.62253571 (ave = 20.48473225)	Loss5.0_2 = 15.53467178 (ave = 15.02803922)
Loss6.0_1 = 21.62175751 (ave = 20.48400154)	Loss6.0_2 = 15.72249889 (ave = 15.06523862)
2021-08-21 22:54:37 -----------------------------------------------------------------------------------------------------------------

Train Iteration: 1460	Time 138.441s / 20iters, (6.922)	Data load 91.088s / 20iters, (4.554422)
Learning rate = 2e-05
Loss = 231.63700867 (ave = 230.98845520)

Loss1.0_1 = 20.81389236 (ave = 20.39860649)	Loss1.0_2 = 21.13000107 (ave = 21.76324224)
Loss2.0_1 = 20.88473511 (ave = 20.46825104)	Loss2.0_2 = 27.94456673 (ave = 28.70673294)
Loss3.0_1 = 20.87275505 (ave = 20.46454649)	Loss3.0_2 = 15.71986866 (ave = 15.61615553)
Loss4.0_1 = 20.87108421 (ave = 20.46051321)	Loss4.0_2 = 14.29115200 (ave = 14.21276851)
Loss5.0_1 = 20.86945915 (ave = 20.45851755)	Loss5.0_2 = 13.74269962 (ave = 13.98281240)
Loss6.0_1 = 20.86935043 (ave = 20.45830002)	Loss6.0_2 = 13.62742329 (ave = 13.99800849)
2021-08-21 22:56:55 -----------------------------------------------------------------------------------------------------------------

Train Iteration: 1480	Time 141.972s / 20iters, (7.099)	Data load 89.186s / 20iters, (4.459303)
Learning rate = 2e-05
Loss = 256.17437744 (ave = 240.13932648)

Loss1.0_1 = 21.22860718 (ave = 20.48343496)	Loss1.0_2 = 24.84107780 (ave = 22.58129053)
Loss2.0_1 = 21.28645897 (ave = 20.54559565)	Loss2.0_2 = 31.15054703 (ave = 29.46402082)
Loss3.0_1 = 21.28462410 (ave = 20.53854342)	Loss3.0_2 = 19.75089264 (ave = 17.55074501)
Loss4.0_1 = 21.28135490 (ave = 20.53450279)	Loss4.0_2 = 17.80687523 (ave = 16.11632891)
Loss5.0_1 = 21.27847862 (ave = 20.53233900)	Loss5.0_2 = 17.57744980 (ave = 15.65422854)
Loss6.0_1 = 21.27772713 (ave = 20.53213167)	Loss6.0_2 = 17.41030121 (ave = 15.60616264)
2021-08-21 22:59:17 -----------------------------------------------------------------------------------------------------------------

Train Iteration: 1500	Time 143.567s / 20iters, (7.178)	Data load 94.281s / 20iters, (4.714045)
Learning rate = 2e-05
Loss = 236.30554199 (ave = 237.16336365)

Loss1.0_1 = 21.42526245 (ave = 20.21906729)	Loss1.0_2 = 20.20907974 (ave = 22.91623669)
Loss2.0_1 = 21.48664665 (ave = 20.27935114)	Loss2.0_2 = 27.50230026 (ave = 30.33618183)
Loss3.0_1 = 21.49163437 (ave = 20.27688141)	Loss3.0_2 = 16.02461815 (ave = 16.86681828)
Loss4.0_1 = 21.48504257 (ave = 20.27449398)	Loss4.0_2 = 14.65912819 (ave = 15.29932284)
Loss5.0_1 = 21.48028183 (ave = 20.27166967)	Loss5.0_2 = 14.49861336 (ave = 15.09739866)
Loss6.0_1 = 21.47971725 (ave = 20.27129612)	Loss6.0_2 = 14.56320667 (ave = 15.05464430)
2021-08-21 23:01:41 -----------------------------------------------------------------------------------------------------------------

Test Time 976.925s, (976.925)	Loss 698.90577404

Loss1.0_1 = 94.72857666 (ave = 77.79891347)	Loss1.0_2 = 49.55134964 (ave = 37.71914905)
Loss2.0_1 = 94.73761749 (ave = 77.78848015)	Loss2.0_2 = 49.15063477 (ave = 37.31473885)
Loss3.0_1 = 94.74609375 (ave = 77.79616124)	Loss3.0_2 = 51.80198288 (ave = 40.02744512)
Loss4.0_1 = 94.73364258 (ave = 77.78377022)	Loss4.0_2 = 51.71155930 (ave = 39.71337255)
Loss5.0_1 = 94.73194885 (ave = 77.78233136)	Loss5.0_2 = 50.49777603 (ave = 38.54291596)
Loss6.0_1 = 94.72492981 (ave = 77.77533584)	Loss6.0_2 = 51.13851166 (ave = 38.86316203)
2021-08-21 23:17:59 -----------------------------------------------------------------------------------------------------------------

Train Iteration: 1520	Time 116.371s / 20iters, (5.819)	Data load 65.322s / 20iters, (3.266116)
Learning rate = 2e-05
Loss = 229.11524963 (ave = 236.20889435)

Loss1.0_1 = 20.19949722 (ave = 20.42131968)	Loss1.0_2 = 20.50731468 (ave = 22.31289225)
Loss2.0_1 = 20.25826263 (ave = 20.49106102)	Loss2.0_2 = 26.73500061 (ave = 29.30535126)
Loss3.0_1 = 20.24050903 (ave = 20.48261108)	Loss3.0_2 = 15.26984024 (ave = 16.70555825)
Loss4.0_1 = 20.24240494 (ave = 20.48083277)	Loss4.0_2 = 15.03284454 (ave = 15.23679099)
Loss5.0_1 = 20.23782349 (ave = 20.47790375)	Loss5.0_2 = 15.01277542 (ave = 14.89739623)
Loss6.0_1 = 20.23746490 (ave = 20.47758236)	Loss6.0_2 = 15.14152431 (ave = 14.91959453)
2021-08-21 23:19:54 -----------------------------------------------------------------------------------------------------------------

Train Iteration: 1540	Time 139.292s / 20iters, (6.965)	Data load 85.459s / 20iters, (4.272948)
Learning rate = 2e-05
Loss = 212.63867188 (ave = 236.90366898)

Loss1.0_1 = 19.79988480 (ave = 20.33397093)	Loss1.0_2 = 19.81693649 (ave = 22.86576271)
Loss2.0_1 = 19.87722015 (ave = 20.39422569)	Loss2.0_2 = 27.76746368 (ave = 29.48945169)
Loss3.0_1 = 19.87162018 (ave = 20.38614368)	Loss3.0_2 = 13.21513081 (ave = 16.78254404)
Loss4.0_1 = 19.86938095 (ave = 20.38547792)	Loss4.0_2 = 10.96316624 (ave = 15.27228694)
Loss5.0_1 = 19.86742592 (ave = 20.38253832)	Loss5.0_2 = 10.80828476 (ave = 15.09636765)
Loss6.0_1 = 19.86686134 (ave = 20.38219061)	Loss6.0_2 = 10.91528225 (ave = 15.13270731)
2021-08-21 23:22:13 -----------------------------------------------------------------------------------------------------------------

Train Iteration: 1560	Time 167.266s / 20iters, (8.363)	Data load 118.403s / 20iters, (5.920168)
Learning rate = 2e-05
Loss = 212.23437500 (ave = 235.58546371)

Loss1.0_1 = 19.74913979 (ave = 20.27196579)	Loss1.0_2 = 18.42153358 (ave = 22.48898211)
Loss2.0_1 = 19.80888176 (ave = 20.33645029)	Loss2.0_2 = 25.92231560 (ave = 29.66115055)
Loss3.0_1 = 19.79312325 (ave = 20.32852879)	Loss3.0_2 = 14.46100807 (ave = 16.54533768)
Loss4.0_1 = 19.79542732 (ave = 20.32571754)	Loss4.0_2 = 11.89679146 (ave = 15.13071537)
Loss5.0_1 = 19.79108620 (ave = 20.32397776)	Loss5.0_2 = 11.30776215 (ave = 14.92437782)
Loss6.0_1 = 19.79097939 (ave = 20.32352123)	Loss6.0_2 = 11.49631405 (ave = 14.92474055)
2021-08-21 23:25:01 -----------------------------------------------------------------------------------------------------------------

Train Iteration: 1580	Time 142.950s / 20iters, (7.147)	Data load 92.879s / 20iters, (4.643949)
Learning rate = 2e-05
Loss = 243.34852600 (ave = 239.26874008)

Loss1.0_1 = 20.32445335 (ave = 20.41419344)	Loss1.0_2 = 23.89099312 (ave = 23.08500795)
Loss2.0_1 = 20.42478180 (ave = 20.47930145)	Loss2.0_2 = 30.54217339 (ave = 30.39825115)
Loss3.0_1 = 20.41813278 (ave = 20.47272148)	Loss3.0_2 = 17.44804764 (ave = 17.14593344)
Loss4.0_1 = 20.41872215 (ave = 20.47164259)	Loss4.0_2 = 16.37622833 (ave = 15.37170157)
Loss5.0_1 = 20.41552734 (ave = 20.46967545)	Loss5.0_2 = 16.33876228 (ave = 15.25041971)
Loss6.0_1 = 20.41504288 (ave = 20.46924362)	Loss6.0_2 = 16.33566666 (ave = 15.24064655)
2021-08-21 23:27:24 -----------------------------------------------------------------------------------------------------------------

Train Iteration: 1600	Time 140.769s / 20iters, (7.038)	Data load 87.418s / 20iters, (4.370889)
Learning rate = 2e-05
Loss = 234.15908813 (ave = 236.28704071)

Loss1.0_1 = 20.45667458 (ave = 20.53055353)	Loss1.0_2 = 21.02400970 (ave = 22.42968845)
Loss2.0_1 = 20.51038551 (ave = 20.60837307)	Loss2.0_2 = 29.07897758 (ave = 29.70976839)
Loss3.0_1 = 20.47512245 (ave = 20.59276552)	Loss3.0_2 = 16.24816132 (ave = 16.75041924)
Loss4.0_1 = 20.47161865 (ave = 20.58917198)	Loss4.0_2 = 15.19224167 (ave = 14.79795737)
Loss5.0_1 = 20.46981621 (ave = 20.58735952)	Loss5.0_2 = 14.84409428 (ave = 14.56025548)
Loss6.0_1 = 20.46969223 (ave = 20.58715315)	Loss6.0_2 = 14.91828156 (ave = 14.54357491)
2021-08-21 23:29:44 -----------------------------------------------------------------------------------------------------------------

Train Iteration: 1620	Time 143.605s / 20iters, (7.180)	Data load 96.698s / 20iters, (4.834922)
Learning rate = 2e-05
Loss = 248.92250061 (ave = 233.45605603)

Loss1.0_1 = 19.24551201 (ave = 19.93861251)	Loss1.0_2 = 25.11726761 (ave = 22.44741214)
Loss2.0_1 = 19.31006050 (ave = 20.02011281)	Loss2.0_2 = 33.79394150 (ave = 29.67529035)
Loss3.0_1 = 19.29933167 (ave = 20.00174907)	Loss3.0_2 = 19.42736244 (ave = 16.54760070)
Loss4.0_1 = 19.29542351 (ave = 19.99663709)	Loss4.0_2 = 18.39767838 (ave = 15.06517077)
Loss5.0_1 = 19.29480171 (ave = 19.99508235)	Loss5.0_2 = 18.20763588 (ave = 14.89152918)
Loss6.0_1 = 19.29436111 (ave = 19.99480493)	Loss6.0_2 = 18.23912048 (ave = 14.88205269)
2021-08-21 23:32:08 -----------------------------------------------------------------------------------------------------------------

Train Iteration: 1640	Time 149.518s / 20iters, (7.476)	Data load 100.143s / 20iters, (5.007135)
Learning rate = 2e-05
Loss = 223.93019104 (ave = 228.69650803)

Loss1.0_1 = 19.81041336 (ave = 19.90472212)	Loss1.0_2 = 20.74324608 (ave = 21.91162338)
Loss2.0_1 = 19.87713623 (ave = 19.95918989)	Loss2.0_2 = 28.05450821 (ave = 29.21624823)
Loss3.0_1 = 19.85925293 (ave = 19.95092001)	Loss3.0_2 = 15.05515862 (ave = 15.66335669)
Loss4.0_1 = 19.85979843 (ave = 19.94978685)	Loss4.0_2 = 13.76749516 (ave = 14.22329288)
Loss5.0_1 = 19.85833168 (ave = 19.94875994)	Loss5.0_2 = 13.56332970 (ave = 14.00567412)
Loss6.0_1 = 19.85764694 (ave = 19.94842529)	Loss6.0_2 = 13.62386131 (ave = 14.01450930)
2021-08-21 23:34:37 -----------------------------------------------------------------------------------------------------------------

Train Iteration: 1660	Time 139.190s / 20iters, (6.959)	Data load 89.324s / 20iters, (4.466197)
Learning rate = 2e-05
Loss = 220.27435303 (ave = 230.53729935)

Loss1.0_1 = 19.41329956 (ave = 19.95093994)	Loss1.0_2 = 19.81833076 (ave = 22.09630308)
Loss2.0_1 = 19.47573662 (ave = 20.01324577)	Loss2.0_2 = 27.66290092 (ave = 29.44975176)
Loss3.0_1 = 19.46089363 (ave = 20.00476418)	Loss3.0_2 = 14.73343086 (ave = 16.32278209)
Loss4.0_1 = 19.45902824 (ave = 20.00380869)	Loss4.0_2 = 13.78039646 (ave = 14.44017038)
Loss5.0_1 = 19.45855331 (ave = 20.00297003)	Loss5.0_2 = 13.73021030 (ave = 14.14655542)
Loss6.0_1 = 19.45843506 (ave = 20.00233574)	Loss6.0_2 = 13.82313156 (ave = 14.10366840)
2021-08-21 23:36:57 -----------------------------------------------------------------------------------------------------------------

Train Iteration: 1680	Time 141.746s / 20iters, (7.087)	Data load 88.404s / 20iters, (4.420195)
Learning rate = 2e-05
Loss = 252.53025818 (ave = 237.66935501)

Loss1.0_1 = 19.78088188 (ave = 19.57930136)	Loss1.0_2 = 26.36114693 (ave = 23.67770023)
Loss2.0_1 = 19.83962822 (ave = 19.63816099)	Loss2.0_2 = 33.13757706 (ave = 31.30474129)
Loss3.0_1 = 19.82577324 (ave = 19.62612877)	Loss3.0_2 = 19.74171257 (ave = 17.61523957)
Loss4.0_1 = 19.82382393 (ave = 19.62450733)	Loss4.0_2 = 18.23717117 (ave = 15.87047033)
Loss5.0_1 = 19.82177162 (ave = 19.62327223)	Loss5.0_2 = 18.01665688 (ave = 15.76571722)
Loss6.0_1 = 19.82165718 (ave = 19.62302179)	Loss6.0_2 = 18.12244987 (ave = 15.72108574)
2021-08-21 23:39:18 -----------------------------------------------------------------------------------------------------------------

Train Iteration: 1700	Time 143.906s / 20iters, (7.195)	Data load 94.712s / 20iters, (4.735589)
Learning rate = 2e-05
Loss = 216.87628174 (ave = 231.68345795)

Loss1.0_1 = 20.06049156 (ave = 19.79309435)	Loss1.0_2 = 20.42946815 (ave = 22.61253262)
Loss2.0_1 = 20.09612656 (ave = 19.85546885)	Loss2.0_2 = 27.96978569 (ave = 29.86470013)
Loss3.0_1 = 20.09551620 (ave = 19.84868374)	Loss3.0_2 = 13.20649052 (ave = 16.32052798)
Loss4.0_1 = 20.09098434 (ave = 19.84648514)	Loss4.0_2 = 11.85281181 (ave = 14.84562421)
Loss5.0_1 = 20.08926773 (ave = 19.84494543)	Loss5.0_2 = 11.43610764 (ave = 14.51628656)
Loss6.0_1 = 20.08915901 (ave = 19.84461365)	Loss6.0_2 = 11.46008396 (ave = 14.49049878)
2021-08-21 23:41:42 -----------------------------------------------------------------------------------------------------------------

Train Iteration: 1720	Time 142.903s / 20iters, (7.145)	Data load 95.570s / 20iters, (4.778506)
Learning rate = 2e-05
Loss = 240.85450745 (ave = 230.25762177)

Loss1.0_1 = 18.92976761 (ave = 19.64140882)	Loss1.0_2 = 26.92542648 (ave = 22.61692390)
Loss2.0_1 = 18.95559311 (ave = 19.70245314)	Loss2.0_2 = 32.57065582 (ave = 29.51087074)
Loss3.0_1 = 18.94838333 (ave = 19.69575768)	Loss3.0_2 = 18.53588867 (ave = 16.53931093)
Loss4.0_1 = 18.94479561 (ave = 19.69368467)	Loss4.0_2 = 16.66189003 (ave = 14.64909458)
Loss5.0_1 = 18.94361496 (ave = 19.69239120)	Loss5.0_2 = 16.27739525 (ave = 14.40814538)
Loss6.0_1 = 18.94340134 (ave = 19.69231634)	Loss6.0_2 = 16.21768570 (ave = 14.41526589)
2021-08-21 23:44:05 -----------------------------------------------------------------------------------------------------------------

Train Iteration: 1740	Time 141.488s / 20iters, (7.074)	Data load 86.461s / 20iters, (4.323071)
Learning rate = 2e-05
Loss = 224.57382202 (ave = 227.63837738)

Loss1.0_1 = 20.36043167 (ave = 19.70807867)	Loss1.0_2 = 20.69801140 (ave = 22.08915062)
Loss2.0_1 = 20.46188736 (ave = 19.77657871)	Loss2.0_2 = 27.32715034 (ave = 29.38896399)
Loss3.0_1 = 20.45256424 (ave = 19.76873436)	Loss3.0_2 = 14.69336224 (ave = 15.68937860)
Loss4.0_1 = 20.44868279 (ave = 19.76376848)	Loss4.0_2 = 13.25228405 (ave = 14.08870649)
Loss5.0_1 = 20.44763756 (ave = 19.76216640)	Loss5.0_2 = 13.09467793 (ave = 13.91383762)
Loss6.0_1 = 20.44743538 (ave = 19.76207514)	Loss6.0_2 = 12.88968658 (ave = 13.92694430)
2021-08-21 23:46:27 -----------------------------------------------------------------------------------------------------------------

Train Iteration: 1760	Time 140.602s / 20iters, (7.030)	Data load 87.968s / 20iters, (4.398388)
Learning rate = 2e-05
Loss = 235.61734009 (ave = 233.56523437)

Loss1.0_1 = 20.24511528 (ave = 19.88033600)	Loss1.0_2 = 22.78070450 (ave = 22.90217628)
Loss2.0_1 = 20.33753586 (ave = 19.94740143)	Loss2.0_2 = 30.01189804 (ave = 30.28436022)
Loss3.0_1 = 20.31716919 (ave = 19.93635721)	Loss3.0_2 = 16.40623093 (ave = 16.42611752)
Loss4.0_1 = 20.31266975 (ave = 19.93482208)	Loss4.0_2 = 14.73134708 (ave = 14.88420868)
Loss5.0_1 = 20.31161308 (ave = 19.93322124)	Loss5.0_2 = 14.93159103 (ave = 14.71095271)
Loss6.0_1 = 20.31148911 (ave = 19.93290892)	Loss6.0_2 = 14.91996193 (ave = 14.79237142)
2021-08-21 23:48:47 -----------------------------------------------------------------------------------------------------------------

Train Iteration: 1780	Time 146.182s / 20iters, (7.309)	Data load 99.170s / 20iters, (4.958484)
Learning rate = 2e-05
Loss = 226.88124084 (ave = 229.30800171)

Loss1.0_1 = 20.25643539 (ave = 19.67038355)	Loss1.0_2 = 20.84909630 (ave = 22.02760515)
Loss2.0_1 = 20.31382370 (ave = 19.73608179)	Loss2.0_2 = 27.16496277 (ave = 29.78566942)
Loss3.0_1 = 20.30084801 (ave = 19.72495394)	Loss3.0_2 = 16.26019096 (ave = 16.25339246)
Loss4.0_1 = 20.29976082 (ave = 19.72386198)	Loss4.0_2 = 13.81467533 (ave = 14.51290321)
Loss5.0_1 = 20.29749298 (ave = 19.72203884)	Loss5.0_2 = 13.62683868 (ave = 14.24577675)
Loss6.0_1 = 20.29738426 (ave = 19.72180014)	Loss6.0_2 = 13.39971447 (ave = 14.18353357)
2021-08-21 23:51:13 -----------------------------------------------------------------------------------------------------------------

Train Iteration: 1800	Time 138.708s / 20iters, (6.935)	Data load 87.870s / 20iters, (4.393483)
Learning rate = 2e-05
Loss = 228.72576904 (ave = 229.98146362)

Loss1.0_1 = 19.64330292 (ave = 19.93488350)	Loss1.0_2 = 22.05893135 (ave = 22.06070156)
Loss2.0_1 = 19.71081734 (ave = 20.00444813)	Loss2.0_2 = 27.90117836 (ave = 29.43318615)
Loss3.0_1 = 19.69826317 (ave = 19.99524269)	Loss3.0_2 = 15.73251438 (ave = 15.99891510)
Loss4.0_1 = 19.69488907 (ave = 19.99368525)	Loss4.0_2 = 15.14126778 (ave = 14.33803496)
Loss5.0_1 = 19.69033623 (ave = 19.99167557)	Loss5.0_2 = 14.82966042 (ave = 14.09245443)
Loss6.0_1 = 19.68993187 (ave = 19.99132271)	Loss6.0_2 = 14.93468380 (ave = 14.14691620)
2021-08-21 23:53:32 -----------------------------------------------------------------------------------------------------------------

Train Iteration: 1820	Time 155.595s / 20iters, (7.780)	Data load 108.966s / 20iters, (5.448323)
Learning rate = 2e-05
Loss = 218.25314331 (ave = 230.64704742)

Loss1.0_1 = 19.03326035 (ave = 19.62852316)	Loss1.0_2 = 21.10239983 (ave = 22.31523170)
Loss2.0_1 = 19.09314919 (ave = 19.70002213)	Loss2.0_2 = 29.62248611 (ave = 30.03283806)
Loss3.0_1 = 19.08723259 (ave = 19.69270983)	Loss3.0_2 = 15.16936207 (ave = 16.20649371)
Loss4.0_1 = 19.08645058 (ave = 19.69034986)	Loss4.0_2 = 12.53786659 (ave = 14.79394736)
Loss5.0_1 = 19.08440590 (ave = 19.68762951)	Loss5.0_2 = 12.68792057 (ave = 14.61695623)
Loss6.0_1 = 19.08432961 (ave = 19.68744822)	Loss6.0_2 = 12.66426468 (ave = 14.59489322)
2021-08-21 23:56:08 -----------------------------------------------------------------------------------------------------------------

Train Iteration: 1840	Time 135.828s / 20iters, (6.791)	Data load 90.283s / 20iters, (4.514162)
Learning rate = 2e-05
Loss = 206.05590820 (ave = 230.67242338)

Loss1.0_1 = 19.34112740 (ave = 19.82804439)	Loss1.0_2 = 17.41895485 (ave = 21.90038410)
Loss2.0_1 = 19.35820580 (ave = 19.90267496)	Loss2.0_2 = 21.57369423 (ave = 29.45612180)
Loss3.0_1 = 19.34548759 (ave = 19.89334990)	Loss3.0_2 = 13.10593700 (ave = 16.03909804)
Loss4.0_1 = 19.34521675 (ave = 19.88939773)	Loss4.0_2 = 12.42416954 (ave = 14.78418341)
Loss5.0_1 = 19.34244156 (ave = 19.88755654)	Loss5.0_2 = 12.64676952 (ave = 14.60599898)
Loss6.0_1 = 19.34248543 (ave = 19.88741243)	Loss6.0_2 = 12.81142712 (ave = 14.59819994)
2021-08-21 23:58:24 -----------------------------------------------------------------------------------------------------------------

Train Iteration: 1860	Time 140.040s / 20iters, (7.002)	Data load 92.996s / 20iters, (4.649819)
Learning rate = 2e-05
Loss = 225.12313843 (ave = 223.38961105)

Loss1.0_1 = 17.80797195 (ave = 18.49777079)	Loss1.0_2 = 23.32168770 (ave = 22.00515738)
Loss2.0_1 = 17.86599350 (ave = 18.56154633)	Loss2.0_2 = 31.22234344 (ave = 29.71554565)
Loss3.0_1 = 17.87175179 (ave = 18.55490379)	Loss3.0_2 = 17.33255959 (ave = 16.29457402)
Loss4.0_1 = 17.85736084 (ave = 18.54984426)	Loss4.0_2 = 15.92826176 (ave = 14.93990006)
Loss5.0_1 = 17.85377312 (ave = 18.54787407)	Loss5.0_2 = 15.15687180 (ave = 14.60976729)
Loss6.0_1 = 17.85363388 (ave = 18.54768276)	Loss6.0_2 = 15.05092525 (ave = 14.56504760)
2021-08-22 00:00:44 -----------------------------------------------------------------------------------------------------------------

Train Iteration: 1880	Time 142.616s / 20iters, (7.131)	Data load 89.486s / 20iters, (4.474295)
Learning rate = 2e-05
Loss = 235.83616638 (ave = 225.03760681)

Loss1.0_1 = 19.69556427 (ave = 18.48043804)	Loss1.0_2 = 24.06452942 (ave = 22.65645504)
Loss2.0_1 = 19.77087784 (ave = 18.53933191)	Loss2.0_2 = 29.90647507 (ave = 30.11297312)
Loss3.0_1 = 19.74099159 (ave = 18.52879534)	Loss3.0_2 = 17.28718185 (ave = 16.98485608)
Loss4.0_1 = 19.74278641 (ave = 18.52607155)	Loss4.0_2 = 15.37977600 (ave = 14.96267877)
Loss5.0_1 = 19.73816681 (ave = 18.52406836)	Loss5.0_2 = 15.16986656 (ave = 14.56091504)
Loss6.0_1 = 19.73739815 (ave = 18.52369795)	Loss6.0_2 = 15.60256004 (ave = 14.63732586)
2021-08-22 00:03:06 -----------------------------------------------------------------------------------------------------------------

Train Iteration: 1900	Time 152.113s / 20iters, (7.606)	Data load 98.514s / 20iters, (4.925683)
Learning rate = 2e-05
Loss = 223.50631714 (ave = 219.61718140)

Loss1.0_1 = 18.09981918 (ave = 18.05683117)	Loss1.0_2 = 21.75860786 (ave = 22.33663902)
Loss2.0_1 = 18.18108940 (ave = 18.12666225)	Loss2.0_2 = 30.01335907 (ave = 30.05120754)
Loss3.0_1 = 18.16472816 (ave = 18.11048441)	Loss3.0_2 = 16.27659607 (ave = 15.74352202)
Loss4.0_1 = 18.16228867 (ave = 18.10795221)	Loss4.0_2 = 15.44460106 (ave = 14.47332191)
Loss5.0_1 = 18.16153336 (ave = 18.10576448)	Loss5.0_2 = 15.55114937 (ave = 14.19450612)
Loss6.0_1 = 18.16134071 (ave = 18.10534096)	Loss6.0_2 = 15.53119755 (ave = 14.20494494)
2021-08-22 00:05:38 -----------------------------------------------------------------------------------------------------------------

Train Iteration: 1920	Time 150.741s / 20iters, (7.537)	Data load 97.891s / 20iters, (4.894550)
Learning rate = 2e-05
Loss = 215.11672974 (ave = 222.02746887)

Loss1.0_1 = 18.77971649 (ave = 18.31868429)	Loss1.0_2 = 20.30000496 (ave = 21.83956070)
Loss2.0_1 = 18.83137321 (ave = 18.37644730)	Loss2.0_2 = 27.43601227 (ave = 29.23862991)
Loss3.0_1 = 18.81513214 (ave = 18.36343422)	Loss3.0_2 = 15.01022625 (ave = 16.53348651)
Loss4.0_1 = 18.80930328 (ave = 18.35990934)	Loss4.0_2 = 13.25079346 (ave = 14.91464243)
Loss5.0_1 = 18.80993080 (ave = 18.35920649)	Loss5.0_2 = 13.27884388 (ave = 14.68759208)
Loss6.0_1 = 18.80848122 (ave = 18.35838079)	Loss6.0_2 = 12.98691177 (ave = 14.67749810)
2021-08-22 00:08:09 -----------------------------------------------------------------------------------------------------------------

Train Iteration: 1940	Time 151.463s / 20iters, (7.573)	Data load 92.293s / 20iters, (4.614665)
Learning rate = 2e-05
Loss = 214.22789001 (ave = 218.15105591)

Loss1.0_1 = 17.90051842 (ave = 18.09594641)	Loss1.0_2 = 20.38340378 (ave = 21.88285952)
Loss2.0_1 = 17.95339775 (ave = 18.15582552)	Loss2.0_2 = 28.80979156 (ave = 29.30909948)
Loss3.0_1 = 17.94427299 (ave = 18.14447002)	Loss3.0_2 = 16.27359772 (ave = 16.01196713)
Loss4.0_1 = 17.93954277 (ave = 18.13912716)	Loss4.0_2 = 13.77842331 (ave = 14.21356716)
Loss5.0_1 = 17.93837547 (ave = 18.13806372)	Loss5.0_2 = 13.52794170 (ave = 13.92874393)
Loss6.0_1 = 17.93817520 (ave = 18.13761501)	Loss6.0_2 = 13.84045219 (ave = 13.99377337)
2021-08-22 00:10:41 -----------------------------------------------------------------------------------------------------------------

